Start testing: Feb 11 22:46 EET
----------------------------------------------------------
Unable to find executable: /home/eemil/dev/karu/build/karu
1/8 Testing: EncoderTest.RawHeader
1/8 Test: EncoderTest.RawHeader
Command: "" "--gtest_filter=EncoderTest.RawHeader" "--gtest_also_run_disabled_tests"
Directory: /home/eemil/dev/karu/build
"EncoderTest.RawHeader" start time: 
Output:
----------------------------------------------------------
<end of output>
Test time =   0.00 sec
----------------------------------------------------------
Test Passed.
"EncoderTest.RawHeader" end time: Feb 11 22:46 EET
"EncoderTest.RawHeader" time elapsed: 00:00:00
----------------------------------------------------------

Unable to find executable: /home/eemil/dev/karu/build/karu
2/8 Testing: MemtableTest.LogFileCreated
2/8 Test: MemtableTest.LogFileCreated
Command: "" "--gtest_filter=MemtableTest.LogFileCreated" "--gtest_also_run_disabled_tests"
Directory: /home/eemil/dev/karu/build
"MemtableTest.LogFileCreated" start time: 
Output:
----------------------------------------------------------
<end of output>
Test time =   0.00 sec
----------------------------------------------------------
Test Passed.
"MemtableTest.LogFileCreated" end time: Feb 11 22:46 EET
"MemtableTest.LogFileCreated" time elapsed: 00:00:00
----------------------------------------------------------

Unable to find executable: /home/eemil/dev/karu/build/karu
3/8 Testing: MemtableTest.BasicOperations
3/8 Test: MemtableTest.BasicOperations
Command: "" "--gtest_filter=MemtableTest.BasicOperations" "--gtest_also_run_disabled_tests"
Directory: /home/eemil/dev/karu/build
"MemtableTest.BasicOperations" start time: 
Output:
----------------------------------------------------------
<end of output>
Test time =   0.00 sec
----------------------------------------------------------
Test Passed.
"MemtableTest.BasicOperations" end time: Feb 11 22:46 EET
"MemtableTest.BasicOperations" time elapsed: 00:00:00
----------------------------------------------------------

Unable to find executable: /home/eemil/dev/karu/build/karu
4/8 Testing: SSTableTest.TestBuildFromBTree
4/8 Test: SSTableTest.TestBuildFromBTree
Command: "" "--gtest_filter=SSTableTest.TestBuildFromBTree" "--gtest_also_run_disabled_tests"
Directory: /home/eemil/dev/karu/build
"SSTableTest.TestBuildFromBTree" start time: 
Output:
----------------------------------------------------------
<end of output>
Test time =   0.00 sec
----------------------------------------------------------
Test Passed.
"SSTableTest.TestBuildFromBTree" end time: Feb 11 22:46 EET
"SSTableTest.TestBuildFromBTree" time elapsed: 00:00:00
----------------------------------------------------------

Unable to find executable: /home/eemil/dev/karu/build/karu
5/8 Testing: SSTableTest.TestPopulateFromFile
5/8 Test: SSTableTest.TestPopulateFromFile
Command: "" "--gtest_filter=SSTableTest.TestPopulateFromFile" "--gtest_also_run_disabled_tests"
Directory: /home/eemil/dev/karu/build
"SSTableTest.TestPopulateFromFile" start time: 
Output:
----------------------------------------------------------
<end of output>
Test time =   0.00 sec
----------------------------------------------------------
Test Passed.
"SSTableTest.TestPopulateFromFile" end time: Feb 11 22:46 EET
"SSTableTest.TestPopulateFromFile" time elapsed: 00:00:00
----------------------------------------------------------

Unable to find executable: /home/eemil/dev/karu/build/karu
6/8 Testing: KaruTest.BasicOperations
6/8 Test: KaruTest.BasicOperations
Command: "" "--gtest_filter=KaruTest.BasicOperations" "--gtest_also_run_disabled_tests"
Directory: /home/eemil/dev/karu/build
"KaruTest.BasicOperations" start time: 
Output:
----------------------------------------------------------
<end of output>
Test time =   0.00 sec
----------------------------------------------------------
Test Passed.
"KaruTest.BasicOperations" end time: Feb 11 22:46 EET
"KaruTest.BasicOperations" time elapsed: 00:00:00
----------------------------------------------------------

Unable to find executable: /home/eemil/dev/karu/build/karu
7/8 Testing: KaruTest.LotsOfPairs
7/8 Test: KaruTest.LotsOfPairs
Command: "" "--gtest_filter=KaruTest.LotsOfPairs" "--gtest_also_run_disabled_tests"
Directory: /home/eemil/dev/karu/build
"KaruTest.LotsOfPairs" start time: 
Output:
----------------------------------------------------------
<end of output>
Test time =   0.00 sec
----------------------------------------------------------
Test Passed.
"KaruTest.LotsOfPairs" end time: Feb 11 22:46 EET
"KaruTest.LotsOfPairs" time elapsed: 00:00:00
----------------------------------------------------------

Unable to find executable: /home/eemil/dev/karu/build/karu
8/8 Testing: KaruTest.MemtableFlush
8/8 Test: KaruTest.MemtableFlush
Command: "" "--gtest_filter=KaruTest.MemtableFlush" "--gtest_also_run_disabled_tests"
Directory: /home/eemil/dev/karu/build
"KaruTest.MemtableFlush" start time: 
Output:
----------------------------------------------------------
<end of output>
Test time =   0.00 sec
----------------------------------------------------------
Test Passed.
"KaruTest.MemtableFlush" end time: Feb 11 22:46 EET
"KaruTest.MemtableFlush" time elapsed: 00:00:00
----------------------------------------------------------

End testing: Feb 11 22:46 EET
