Start testing: Feb 14 21:13 EET
----------------------------------------------------------
1/10 Testing: MemtableTest.LogFileCreated
1/10 Test: MemtableTest.LogFileCreated
Command: "/home/eemil/dev/karu/build/karu" "--gtest_filter=MemtableTest.LogFileCreated" "--gtest_also_run_disabled_tests"
Directory: /home/eemil/dev/karu/build
"MemtableTest.LogFileCreated" start time: Feb 14 21:13 EET
Output:
----------------------------------------------------------
Running main() from /home/eemil/dev/karu/build/_deps/googletest-src/googletest/src/gtest_main.cc
Note: Google Test filter = MemtableTest.LogFileCreated
[==========] Running 1 test from 1 test suite.
[----------] Global test environment set-up.
[----------] 1 test from MemtableTest
[ RUN      ] MemtableTest.LogFileCreated
[       OK ] MemtableTest.LogFileCreated (0 ms)
[----------] 1 test from MemtableTest (0 ms total)

[----------] Global test environment tear-down
[==========] 1 test from 1 test suite ran. (0 ms total)
[  PASSED  ] 1 test.
<end of output>
Test time =   0.00 sec
----------------------------------------------------------
Test Passed.
"MemtableTest.LogFileCreated" end time: Feb 14 21:13 EET
"MemtableTest.LogFileCreated" time elapsed: 00:00:00
----------------------------------------------------------

2/10 Testing: MemtableTest.BasicOperations
2/10 Test: MemtableTest.BasicOperations
Command: "/home/eemil/dev/karu/build/karu" "--gtest_filter=MemtableTest.BasicOperations" "--gtest_also_run_disabled_tests"
Directory: /home/eemil/dev/karu/build
"MemtableTest.BasicOperations" start time: Feb 14 21:13 EET
Output:
----------------------------------------------------------
Running main() from /home/eemil/dev/karu/build/_deps/googletest-src/googletest/src/gtest_main.cc
Note: Google Test filter = MemtableTest.BasicOperations
[==========] Running 1 test from 1 test suite.
[----------] Global test environment set-up.
[----------] 1 test from MemtableTest
[ RUN      ] MemtableTest.BasicOperations
[       OK ] MemtableTest.BasicOperations (0 ms)
[----------] 1 test from MemtableTest (0 ms total)

[----------] Global test environment tear-down
[==========] 1 test from 1 test suite ran. (0 ms total)
[  PASSED  ] 1 test.
<end of output>
Test time =   0.00 sec
----------------------------------------------------------
Test Passed.
"MemtableTest.BasicOperations" end time: Feb 14 21:13 EET
"MemtableTest.BasicOperations" time elapsed: 00:00:00
----------------------------------------------------------

3/10 Testing: SSTableTest.TestBuildFromBTree
3/10 Test: SSTableTest.TestBuildFromBTree
Command: "/home/eemil/dev/karu/build/karu" "--gtest_filter=SSTableTest.TestBuildFromBTree" "--gtest_also_run_disabled_tests"
Directory: /home/eemil/dev/karu/build
"SSTableTest.TestBuildFromBTree" start time: Feb 14 21:13 EET
Output:
----------------------------------------------------------
Running main() from /home/eemil/dev/karu/build/_deps/googletest-src/googletest/src/gtest_main.cc
Note: Google Test filter = SSTableTest.TestBuildFromBTree
[==========] Running 1 test from 1 test suite.
[----------] Global test environment set-up.
[----------] 1 test from SSTableTest
[ RUN      ] SSTableTest.TestBuildFromBTree
[       OK ] SSTableTest.TestBuildFromBTree (0 ms)
[----------] 1 test from SSTableTest (1 ms total)

[----------] Global test environment tear-down
[==========] 1 test from 1 test suite ran. (1 ms total)
[  PASSED  ] 1 test.
<end of output>
Test time =   0.00 sec
----------------------------------------------------------
Test Passed.
"SSTableTest.TestBuildFromBTree" end time: Feb 14 21:13 EET
"SSTableTest.TestBuildFromBTree" time elapsed: 00:00:00
----------------------------------------------------------

4/10 Testing: SSTableTest.TestPopulateFromFile
4/10 Test: SSTableTest.TestPopulateFromFile
Command: "/home/eemil/dev/karu/build/karu" "--gtest_filter=SSTableTest.TestPopulateFromFile" "--gtest_also_run_disabled_tests"
Directory: /home/eemil/dev/karu/build
"SSTableTest.TestPopulateFromFile" start time: Feb 14 21:13 EET
Output:
----------------------------------------------------------
Running main() from /home/eemil/dev/karu/build/_deps/googletest-src/googletest/src/gtest_main.cc
Note: Google Test filter = SSTableTest.TestPopulateFromFile
[==========] Running 1 test from 1 test suite.
[----------] Global test environment set-up.
[----------] 1 test from SSTableTest
[ RUN      ] SSTableTest.TestPopulateFromFile

[       OK ] SSTableTest.TestPopulateFromFile (0 ms)
[----------] 1 test from SSTableTest (0 ms total)

[----------] Global test environment tear-down
[==========] 1 test from 1 test suite ran. (0 ms total)
[  PASSED  ] 1 test.
<end of output>
Test time =   0.00 sec
----------------------------------------------------------
Test Passed.
"SSTableTest.TestPopulateFromFile" end time: Feb 14 21:13 EET
"SSTableTest.TestPopulateFromFile" time elapsed: 00:00:00
----------------------------------------------------------

5/10 Testing: KaruTest.BasicOperations
5/10 Test: KaruTest.BasicOperations
Command: "/home/eemil/dev/karu/build/karu" "--gtest_filter=KaruTest.BasicOperations" "--gtest_also_run_disabled_tests"
Directory: /home/eemil/dev/karu/build
"KaruTest.BasicOperations" start time: Feb 14 21:13 EET
Output:
----------------------------------------------------------
Running main() from /home/eemil/dev/karu/build/_deps/googletest-src/googletest/src/gtest_main.cc
Note: Google Test filter = KaruTest.BasicOperations
[==========] Running 1 test from 1 test suite.
[----------] Global test environment set-up.
[----------] 1 test from KaruTest
[ RUN      ] KaruTest.BasicOperations
searching current memtable.
[       OK ] KaruTest.BasicOperations (0 ms)
[----------] 1 test from KaruTest (0 ms total)

[----------] Global test environment tear-down
[==========] 1 test from 1 test suite ran. (0 ms total)
[  PASSED  ] 1 test.
<end of output>
Test time =   0.00 sec
----------------------------------------------------------
Test Passed.
"KaruTest.BasicOperations" end time: Feb 14 21:13 EET
"KaruTest.BasicOperations" time elapsed: 00:00:00
----------------------------------------------------------

6/10 Testing: KaruTest.LotsOfPairs
6/10 Test: KaruTest.LotsOfPairs
Command: "/home/eemil/dev/karu/build/karu" "--gtest_filter=KaruTest.LotsOfPairs" "--gtest_also_run_disabled_tests"
Directory: /home/eemil/dev/karu/build
"KaruTest.LotsOfPairs" start time: Feb 14 21:13 EET
Output:
----------------------------------------------------------
Running main() from /home/eemil/dev/karu/build/_deps/googletest-src/googletest/src/gtest_main.cc
Note: Google Test filter = KaruTest.LotsOfPairs
[==========] Running 1 test from 1 test suite.
[----------] Global test environment set-up.
[----------] 1 test from KaruTest
[ RUN      ] KaruTest.LotsOfPairs
searching current memtable.
searching current memtable.
searching current memtable.
searching current memtable.
searching current memtable.
searching current memtable.
searching current memtable.
searching current memtable.
searching current memtable.
searching current memtable.
searching current memtable.
searching current memtable.
searching current memtable.
searching current memtable.
searching current memtable.
searching current memtable.
searching current memtable.
searching current memtable.
searching current memtable.
searching current memtable.
searching current memtable.
searching current memtable.
searching current memtable.
searching current memtable.
searching current memtable.
searching current memtable.
searching current memtable.
searching current memtable.
searching current memtable.
searching current memtable.
searching current memtable.
searching current memtable.
searching current memtable.
searching current memtable.
searching current memtable.
searching current memtable.
searching current memtable.
searching current memtable.
searching current memtable.
searching current memtable.
searching current memtable.
searching current memtable.
searching current memtable.
searching current memtable.
searching current memtable.
searching current memtable.
searching current memtable.
searching current memtable.
searching current memtable.
searching current memtable.
searching current memtable.
searching current memtable.
searching current memtable.
searching current memtable.
searching current memtable.
searching current memtable.
searching current memtable.
searching current memtable.
searching current memtable.
searching current memtable.
searching current memtable.
searching current memtable.
searching current memtable.
searching current memtable.
searching current memtable.
searching current memtable.
searching current memtable.
searching current memtable.
searching current memtable.
searching current memtable.
searching current memtable.
searching current memtable.
searching current memtable.
searching current memtable.
searching current memtable.
searching current memtable.
searching current memtable.
searching current memtable.
searching current memtable.
searching current memtable.
searching current memtable.
searching current memtable.
searching current memtable.
searching current memtable.
searching current memtable.
searching current memtable.
searching current memtable.
searching current memtable.
searching current memtable.
searching current memtable.
searching current memtable.
searching current memtable.
searching current memtable.
searching current memtable.
searching current memtable.
searching current memtable.
searching current memtable.
searching current memtable.
searching current memtable.
searching current memtable.
searching current memtable.
searching current memtable.
searching current memtable.
searching current memtable.
searching current memtable.
searching current memtable.
searching current memtable.
searching current memtable.
searching current memtable.
searching current memtable.
searching current memtable.
searching current memtable.
searching current memtable.
searching current memtable.
searching current memtable.
searching current memtable.
searching current memtable.
searching current memtable.
searching current memtable.
searching current memtable.
searching current memtable.
searching current memtable.
searching current memtable.
searching current memtable.
searching current memtable.
searching current memtable.
searching current memtable.
searching current memtable.
searching current memtable.
searching current memtable.
searching current memtable.
searching current memtable.
searching current memtable.
searching current memtable.
searching current memtable.
searching current memtable.
searching current memtable.
searching current memtable.
searching current memtable.
searching current memtable.
searching current memtable.
searching current memtable.
searching current memtable.
searching current memtable.
searching current memtable.
searching current memtable.
searching current memtable.
searching current memtable.
searching current memtable.
searching current memtable.
searching current memtable.
searching current memtable.
searching current memtable.
searching current memtable.
searching current memtable.
searching current memtable.
searching current memtable.
searching current memtable.
searching current memtable.
searching current memtable.
searching current memtable.
searching current memtable.
searching current memtable.
searching current memtable.
searching current memtable.
searching current memtable.
searching current memtable.
searching current memtable.
searching current memtable.
searching current memtable.
searching current memtable.
searching current memtable.
searching current memtable.
searching current memtable.
searching current memtable.
searching current memtable.
searching current memtable.
searching current memtable.
searching current memtable.
searching current memtable.
searching current memtable.
searching current memtable.
searching current memtable.
searching current memtable.
searching current memtable.
searching current memtable.
searching current memtable.
searching current memtable.
searching current memtable.
searching current memtable.
searching current memtable.
searching current memtable.
searching current memtable.
searching current memtable.
searching current memtable.
searching current memtable.
searching current memtable.
searching current memtable.
searching current memtable.
searching current memtable.
searching current memtable.
searching current memtable.
searching current memtable.
searching current memtable.
searching current memtable.
searching current memtable.
searching current memtable.
searching current memtable.
searching current memtable.
searching current memtable.
searching current memtable.
searching current memtable.
searching current memtable.
searching current memtable.
searching current memtable.
searching current memtable.
searching current memtable.
searching current memtable.
searching current memtable.
searching current memtable.
searching current memtable.
searching current memtable.
searching current memtable.
searching current memtable.
searching current memtable.
searching current memtable.
searching current memtable.
searching current memtable.
searching current memtable.
searching current memtable.
searching current memtable.
searching current memtable.
searching current memtable.
searching current memtable.
searching current memtable.
searching current memtable.
searching current memtable.
searching current memtable.
searching current memtable.
searching current memtable.
searching current memtable.
searching current memtable.
searching current memtable.
searching current memtable.
searching current memtable.
searching current memtable.
searching current memtable.
searching current memtable.
searching current memtable.
searching current memtable.
searching current memtable.
searching current memtable.
searching current memtable.
searching current memtable.
searching current memtable.
searching current memtable.
searching current memtable.
searching current memtable.
searching current memtable.
searching current memtable.
searching current memtable.
searching current memtable.
searching current memtable.
searching current memtable.
searching current memtable.
searching current memtable.
searching current memtable.
searching current memtable.
searching current memtable.
searching current memtable.
searching current memtable.
searching current memtable.
searching current memtable.
searching current memtable.
searching current memtable.
searching current memtable.
searching current memtable.
searching current memtable.
searching current memtable.
searching current memtable.
searching current memtable.
searching current memtable.
searching current memtable.
searching current memtable.
searching current memtable.
searching current memtable.
searching current memtable.
searching current memtable.
searching current memtable.
searching current memtable.
searching current memtable.
searching current memtable.
searching current memtable.
searching current memtable.
searching current memtable.
searching current memtable.
searching current memtable.
searching current memtable.
searching current memtable.
searching current memtable.
searching current memtable.
searching current memtable.
searching current memtable.
searching current memtable.
searching current memtable.
searching current memtable.
searching current memtable.
searching current memtable.
searching current memtable.
searching current memtable.
searching current memtable.
searching current memtable.
searching current memtable.
searching current memtable.
searching current memtable.
searching current memtable.
searching current memtable.
searching current memtable.
searching current memtable.
searching current memtable.
searching current memtable.
searching current memtable.
searching current memtable.
searching current memtable.
searching current memtable.
searching current memtable.
searching current memtable.
searching current memtable.
searching current memtable.
searching current memtable.
searching current memtable.
searching current memtable.
searching current memtable.
searching current memtable.
searching current memtable.
searching current memtable.
searching current memtable.
searching current memtable.
searching current memtable.
searching current memtable.
searching current memtable.
searching current memtable.
searching current memtable.
searching current memtable.
searching current memtable.
searching current memtable.
searching current memtable.
searching current memtable.
searching current memtable.
searching current memtable.
searching current memtable.
searching current memtable.
searching current memtable.
searching current memtable.
searching current memtable.
searching current memtable.
searching current memtable.
searching current memtable.
searching current memtable.
searching current memtable.
searching current memtable.
searching current memtable.
searching current memtable.
searching current memtable.
searching current memtable.
searching current memtable.
searching current memtable.
searching current memtable.
searching current memtable.
searching current memtable.
searching current memtable.
searching current memtable.
searching current memtable.
searching current memtable.
searching current memtable.
searching current memtable.
searching current memtable.
searching current memtable.
searching current memtable.
searching current memtable.
searching current memtable.
searching current memtable.
searching current memtable.
searching current memtable.
searching current memtable.
searching current memtable.
searching current memtable.
searching current memtable.
searching current memtable.
searching current memtable.
searching current memtable.
searching current memtable.
searching current memtable.
searching current memtable.
searching current memtable.
searching current memtable.
searching current memtable.
searching current memtable.
searching current memtable.
searching current memtable.
searching current memtable.
searching current memtable.
searching current memtable.
searching current memtable.
searching current memtable.
searching current memtable.
searching current memtable.
searching current memtable.
searching current memtable.
searching current memtable.
searching current memtable.
searching current memtable.
searching current memtable.
searching current memtable.
searching current memtable.
searching current memtable.
searching current memtable.
searching current memtable.
searching current memtable.
searching current memtable.
searching current memtable.
searching current memtable.
searching current memtable.
searching current memtable.
searching current memtable.
searching current memtable.
searching current memtable.
searching current memtable.
searching current memtable.
searching current memtable.
searching current memtable.
searching current memtable.
searching current memtable.
searching current memtable.
searching current memtable.
searching current memtable.
searching current memtable.
searching current memtable.
searching current memtable.
searching current memtable.
searching current memtable.
searching current memtable.
searching current memtable.
searching current memtable.
searching current memtable.
searching current memtable.
searching current memtable.
searching current memtable.
searching current memtable.
searching current memtable.
searching current memtable.
searching current memtable.
searching current memtable.
searching current memtable.
searching current memtable.
searching current memtable.
searching current memtable.
searching current memtable.
searching current memtable.
searching current memtable.
searching current memtable.
searching current memtable.
searching current memtable.
searching current memtable.
searching current memtable.
searching current memtable.
searching current memtable.
searching current memtable.
searching current memtable.
searching current memtable.
searching current memtable.
searching current memtable.
searching current memtable.
searching current memtable.
searching current memtable.
searching current memtable.
searching current memtable.
searching current memtable.
searching current memtable.
searching current memtable.
searching current memtable.
searching current memtable.
searching current memtable.
searching current memtable.
searching current memtable.
searching current memtable.
searching current memtable.
searching current memtable.
searching current memtable.
searching current memtable.
searching current memtable.
searching current memtable.
searching current memtable.
searching current memtable.
searching current memtable.
searching current memtable.
searching current memtable.
searching current memtable.
searching current memtable.
searching current memtable.
searching current memtable.
searching current memtable.
searching current memtable.
searching current memtable.
searching current memtable.
searching current memtable.
searching current memtable.
searching current memtable.
searching current memtable.
searching current memtable.
searching current memtable.
searching current memtable.
searching current memtable.
searching current memtable.
searching current memtable.
searching current memtable.
searching current memtable.
searching current memtable.
searching current memtable.
searching current memtable.
searching current memtable.
searching current memtable.
searching current memtable.
searching current memtable.
searching current memtable.
searching current memtable.
searching current memtable.
searching current memtable.
searching current memtable.
searching current memtable.
searching current memtable.
searching current memtable.
searching current memtable.
searching current memtable.
searching current memtable.
searching current memtable.
searching current memtable.
searching current memtable.
searching current memtable.
searching current memtable.
searching current memtable.
searching current memtable.
searching current memtable.
searching current memtable.
searching current memtable.
searching current memtable.
searching current memtable.
searching current memtable.
searching current memtable.
searching current memtable.
searching current memtable.
searching current memtable.
searching current memtable.
searching current memtable.
searching current memtable.
searching current memtable.
searching current memtable.
searching current memtable.
searching current memtable.
searching current memtable.
searching current memtable.
searching current memtable.
searching current memtable.
searching current memtable.
searching current memtable.
searching current memtable.
searching current memtable.
searching current memtable.
searching current memtable.
searching current memtable.
searching current memtable.
searching current memtable.
searching current memtable.
searching current memtable.
searching current memtable.
searching current memtable.
searching current memtable.
searching current memtable.
searching current memtable.
searching current memtable.
searching current memtable.
searching current memtable.
searching current memtable.
searching current memtable.
searching current memtable.
searching current memtable.
searching current memtable.
searching current memtable.
searching current memtable.
searching current memtable.
searching current memtable.
searching current memtable.
searching current memtable.
searching current memtable.
searching current memtable.
searching current memtable.
searching current memtable.
searching current memtable.
searching current memtable.
searching current memtable.
searching current memtable.
searching current memtable.
searching current memtable.
searching current memtable.
searching current memtable.
searching current memtable.
searching current memtable.
searching current memtable.
searching current memtable.
searching current memtable.
searching current memtable.
searching current memtable.
searching current memtable.
searching current memtable.
searching current memtable.
searching current memtable.
searching current memtable.
searching current memtable.
searching current memtable.
searching current memtable.
searching current memtable.
searching current memtable.
searching current memtable.
searching current memtable.
searching current memtable.
searching current memtable.
searching current memtable.
searching current memtable.
searching current memtable.
searching current memtable.
searching current memtable.
searching current memtable.
searching current memtable.
searching current memtable.
searching current memtable.
searching current memtable.
searching current memtable.
searching current memtable.
searching current memtable.
searching current memtable.
searching current memtable.
searching current memtable.
searching current memtable.
searching current memtable.
searching current memtable.
searching current memtable.
searching current memtable.
searching current memtable.
searching current memtable.
searching current memtable.
searching current memtable.
searching current memtable.
searching current memtable.
searching current memtable.
searching current memtable.
searching current memtable.
searching current memtable.
searching current memtable.
searching current memtable.
searching current memtable.
searching current memtable.
searching current memtable.
searching current memtable.
searching current memtable.
searching current memtable.
searching current memtable.
searching current memtable.
searching current memtable.
searching current memtable.
searching current memtable.
searching current memtable.
searching current memtable.
searching current memtable.
searching current memtable.
searching current memtable.
searching current memtable.
searching current memtable.
searching current memtable.
searching current memtable.
searching current memtable.
searching current memtable.
searching current memtable.
searching current memtable.
searching current memtable.
searching current memtable.
searching current memtable.
searching current memtable.
searching current memtable.
searching current memtable.
searching current memtable.
searching current memtable.
searching current memtable.
searching current memtable.
searching current memtable.
searching current memtable.
searching current memtable.
searching current memtable.
searching current memtable.
searching current memtable.
searching current memtable.
searching current memtable.
searching current memtable.
searching current memtable.
searching current memtable.
searching current memtable.
searching current memtable.
searching current memtable.
searching current memtable.
searching current memtable.
searching current memtable.
searching current memtable.
searching current memtable.
searching current memtable.
searching current memtable.
searching current memtable.
searching current memtable.
searching current memtable.
searching current memtable.
searching current memtable.
searching current memtable.
searching current memtable.
searching current memtable.
searching current memtable.
searching current memtable.
searching current memtable.
searching current memtable.
searching current memtable.
searching current memtable.
searching current memtable.
searching current memtable.
searching current memtable.
searching current memtable.
searching current memtable.
searching current memtable.
searching current memtable.
searching current memtable.
searching current memtable.
searching current memtable.
searching current memtable.
searching current memtable.
searching current memtable.
searching current memtable.
searching current memtable.
searching current memtable.
searching current memtable.
searching current memtable.
searching current memtable.
searching current memtable.
searching current memtable.
searching current memtable.
searching current memtable.
searching current memtable.
searching current memtable.
searching current memtable.
searching current memtable.
searching current memtable.
searching current memtable.
searching current memtable.
searching current memtable.
searching current memtable.
searching current memtable.
searching current memtable.
searching current memtable.
searching current memtable.
searching current memtable.
searching current memtable.
searching current memtable.
searching current memtable.
searching current memtable.
searching current memtable.
searching current memtable.
searching current memtable.
searching current memtable.
searching current memtable.
searching current memtable.
searching current memtable.
searching current memtable.
searching current memtable.
searching current memtable.
searching current memtable.
searching current memtable.
searching current memtable.
searching current memtable.
searching current memtable.
searching current memtable.
searching current memtable.
searching current memtable.
searching current memtable.
searching current memtable.
searching current memtable.
searching current memtable.
searching current memtable.
searching current memtable.
searching current memtable.
searching current memtable.
searching current memtable.
searching current memtable.
searching current memtable.
searching current memtable.
searching current memtable.
searching current memtable.
searching current memtable.
searching current memtable.
searching current memtable.
searching current memtable.
searching current memtable.
searching current memtable.
searching current memtable.
searching current memtable.
searching current memtable.
searching current memtable.
searching current memtable.
searching current memtable.
searching current memtable.
searching current memtable.
searching current memtable.
searching current memtable.
searching current memtable.
searching current memtable.
searching current memtable.
searching current memtable.
searching current memtable.
searching current memtable.
searching current memtable.
searching current memtable.
searching current memtable.
searching current memtable.
searching current memtable.
searching current memtable.
searching current memtable.
searching current memtable.
searching current memtable.
searching current memtable.
searching current memtable.
searching current memtable.
searching current memtable.
searching current memtable.
searching current memtable.
searching current memtable.
searching current memtable.
searching current memtable.
searching current memtable.
searching current memtable.
searching current memtable.
searching current memtable.
searching current memtable.
searching current memtable.
searching current memtable.
searching current memtable.
searching current memtable.
searching current memtable.
searching current memtable.
searching current memtable.
searching current memtable.
searching current memtable.
searching current memtable.
searching current memtable.
searching current memtable.
searching current memtable.
searching current memtable.
searching current memtable.
searching current memtable.
searching current memtable.
searching current memtable.
searching current memtable.
searching current memtable.
searching current memtable.
searching current memtable.
searching current memtable.
searching current memtable.
searching current memtable.
searching current memtable.
searching current memtable.
searching current memtable.
searching current memtable.
searching current memtable.
searching current memtable.
searching current memtable.
searching current memtable.
searching current memtable.
searching current memtable.
searching current memtable.
searching current memtable.
searching current memtable.
searching current memtable.
searching current memtable.
searching current memtable.
searching current memtable.
searching current memtable.
searching current memtable.
searching current memtable.
searching current memtable.
searching current memtable.
searching current memtable.
searching current memtable.
searching current memtable.
searching current memtable.
searching current memtable.
searching current memtable.
searching current memtable.
searching current memtable.
searching current memtable.
searching current memtable.
searching current memtable.
searching current memtable.
searching current memtable.
searching current memtable.
searching current memtable.
searching current memtable.
searching current memtable.
searching current memtable.
searching current memtable.
searching current memtable.
searching current memtable.
searching current memtable.
searching current memtable.
searching current memtable.
searching current memtable.
searching current memtable.
searching current memtable.
searching current memtable.
searching current memtable.
searching current memtable.
searching current memtable.
searching current memtable.
searching current memtable.
searching current memtable.
searching current memtable.
searching current memtable.
searching current memtable.
searching current memtable.
searching current memtable.
searching current memtable.
searching current memtable.
searching current memtable.
searching current memtable.
searching current memtable.
searching current memtable.
searching current memtable.
searching current memtable.
searching current memtable.
searching current memtable.
searching current memtable.
searching current memtable.
searching current memtable.
searching current memtable.
searching current memtable.
searching current memtable.
searching current memtable.
searching current memtable.
searching current memtable.
searching current memtable.
searching current memtable.
searching current memtable.
searching current memtable.
searching current memtable.
searching current memtable.
searching current memtable.
searching current memtable.
searching current memtable.
searching current memtable.
searching current memtable.
searching current memtable.
searching current memtable.
searching current memtable.
searching current memtable.
searching current memtable.
searching current memtable.
searching current memtable.
searching current memtable.
searching current memtable.
searching current memtable.
searching current memtable.
searching current memtable.
searching current memtable.
searching current memtable.
searching current memtable.
searching current memtable.
searching current memtable.
searching current memtable.
searching current memtable.
searching current memtable.
searching current memtable.
searching current memtable.
searching current memtable.
searching current memtable.
searching current memtable.
searching current memtable.
searching current memtable.
searching current memtable.
searching current memtable.
searching current memtable.
searching current memtable.
searching current memtable.
searching current memtable.
searching current memtable.
searching current memtable.
searching current memtable.
searching current memtable.
searching current memtable.
searching current memtable.
searching current memtable.
searching current memtable.
searching current memtable.
searching current memtable.
searching current memtable.
searching current memtable.
searching current memtable.
searching current memtable.
searching current memtable.
searching current memtable.
searching current memtable.
searching current memtable.
searching current memtable.
searching current memtable.
searching current memtable.
searching current memtable.
searching current memtable.
searching current memtable.
searching current memtable.
searching current memtable.
searching current memtable.
searching current memtable.
searching current memtable.
searching current memtable.
searching current memtable.
searching current memtable.
searching current memtable.
searching current memtable.
searching current memtable.
searching current memtable.
searching current memtable.
searching current memtable.
searching current memtable.
searching current memtable.
searching current memtable.
searching current memtable.
searching current memtable.
searching current memtable.
searching current memtable.
searching current memtable.
searching current memtable.
searching current memtable.
searching current memtable.
searching current memtable.
searching current memtable.
searching current memtable.
searching current memtable.
searching current memtable.
searching current memtable.
searching current memtable.
searching current memtable.
searching current memtable.
searching current memtable.
searching current memtable.
searching current memtable.
searching current memtable.
searching current memtable.
searching current memtable.
searching current memtable.
searching current memtable.
searching current memtable.
searching current memtable.
searching current memtable.
searching current memtable.
searching current memtable.
searching current memtable.
searching current memtable.
searching current memtable.
searching current memtable.
searching current memtable.
searching current memtable.
searching current memtable.
searching current memtable.
searching current memtable.
searching current memtable.
searching current memtable.
searching current memtable.
searching current memtable.
searching current memtable.
searching current memtable.
searching current memtable.
searching current memtable.
searching current memtable.
searching current memtable.
searching current memtable.
searching current memtable.
searching current memtable.
searching current memtable.
searching current memtable.
searching current memtable.
searching current memtable.
searching current memtable.
searching current memtable.
searching current memtable.
searching current memtable.
searching current memtable.
searching current memtable.
searching current memtable.
searching current memtable.
searching current memtable.
searching current memtable.
searching current memtable.
searching current memtable.
searching current memtable.
searching current memtable.
searching current memtable.
searching current memtable.
searching current memtable.
searching current memtable.
searching current memtable.
searching current memtable.
searching current memtable.
searching current memtable.
searching current memtable.
searching current memtable.
searching current memtable.
searching current memtable.
searching current memtable.
searching current memtable.
searching current memtable.
searching current memtable.
searching current memtable.
searching current memtable.
searching current memtable.
searching current memtable.
searching current memtable.
searching current memtable.
searching current memtable.
searching current memtable.
searching current memtable.
searching current memtable.
searching current memtable.
searching current memtable.
searching current memtable.
searching current memtable.
searching current memtable.
searching current memtable.
searching current memtable.
searching current memtable.
searching current memtable.
searching current memtable.
searching current memtable.
searching current memtable.
searching current memtable.
searching current memtable.
searching current memtable.
searching current memtable.
searching current memtable.
searching current memtable.
searching current memtable.
searching current memtable.
searching current memtable.
searching current memtable.
searching current memtable.
searching current memtable.
searching current memtable.
searching current memtable.
searching current memtable.
searching current memtable.
searching current memtable.
searching current memtable.
searching current memtable.
searching current memtable.
searching current memtable.
searching current memtable.
searching current memtable.
searching current memtable.
searching current memtable.
searching current memtable.
searching current memtable.
searching current memtable.
searching current memtable.
searching current memtable.
searching current memtable.
searching current memtable.
searching current memtable.
searching current memtable.
searching current memtable.
searching current memtable.
searching current memtable.
searching current memtable.
searching current memtable.
searching current memtable.
searching current memtable.
searching current memtable.
searching current memtable.
searching current memtable.
searching current memtable.
searching current memtable.
searching current memtable.
searching current memtable.
searching current memtable.
searching current memtable.
searching current memtable.
searching current memtable.
searching current memtable.
searching current memtable.
searching current memtable.
searching current memtable.
searching current memtable.
searching current memtable.
searching current memtable.
searching current memtable.
searching current memtable.
searching current memtable.
searching current memtable.
searching current memtable.
searching current memtable.
searching current memtable.
searching current memtable.
searching current memtable.
searching current memtable.
searching current memtable.
searching current memtable.
searching current memtable.
searching current memtable.
searching current memtable.
searching current memtable.
searching current memtable.
searching current memtable.
searching current memtable.
searching current memtable.
searching current memtable.
searching current memtable.
searching current memtable.
searching current memtable.
searching current memtable.
searching current memtable.
searching current memtable.
searching current memtable.
searching current memtable.
searching current memtable.
searching current memtable.
searching current memtable.
searching current memtable.
searching current memtable.
searching current memtable.
searching current memtable.
searching current memtable.
searching current memtable.
searching current memtable.
searching current memtable.
searching current memtable.
searching current memtable.
searching current memtable.
searching current memtable.
searching current memtable.
searching current memtable.
searching current memtable.
searching current memtable.
searching current memtable.
searching current memtable.
searching current memtable.
searching current memtable.
searching current memtable.
searching current memtable.
searching current memtable.
searching current memtable.
searching current memtable.
searching current memtable.
searching current memtable.
searching current memtable.
searching current memtable.
searching current memtable.
searching current memtable.
searching current memtable.
searching current memtable.
searching current memtable.
searching current memtable.
searching current memtable.
searching current memtable.
searching current memtable.
searching current memtable.
searching current memtable.
searching current memtable.
searching current memtable.
searching current memtable.
searching current memtable.
searching current memtable.
searching current memtable.
searching current memtable.
searching current memtable.
searching current memtable.
searching current memtable.
searching current memtable.
searching current memtable.
searching current memtable.
searching current memtable.
searching current memtable.
searching current memtable.
searching current memtable.
searching current memtable.
searching current memtable.
searching current memtable.
searching current memtable.
searching current memtable.
searching current memtable.
searching current memtable.
searching current memtable.
searching current memtable.
searching current memtable.
searching current memtable.
searching current memtable.
searching current memtable.
searching current memtable.
searching current memtable.
searching current memtable.
searching current memtable.
searching current memtable.
searching current memtable.
searching current memtable.
searching current memtable.
searching current memtable.
searching current memtable.
searching current memtable.
searching current memtable.
searching current memtable.
searching current memtable.
searching current memtable.
searching current memtable.
searching current memtable.
searching current memtable.
searching current memtable.
searching current memtable.
searching current memtable.
searching current memtable.
searching current memtable.
searching current memtable.
searching current memtable.
searching current memtable.
searching current memtable.
searching current memtable.
searching current memtable.
searching current memtable.
searching current memtable.
searching current memtable.
searching current memtable.
searching current memtable.
searching current memtable.
searching current memtable.
searching current memtable.
searching current memtable.
searching current memtable.
searching current memtable.
searching current memtable.
searching current memtable.
searching current memtable.
searching current memtable.
searching current memtable.
searching current memtable.
searching current memtable.
searching current memtable.
searching current memtable.
searching current memtable.
searching current memtable.
searching current memtable.
searching current memtable.
searching current memtable.
searching current memtable.
searching current memtable.
searching current memtable.
searching current memtable.
searching current memtable.
searching current memtable.
searching current memtable.
searching current memtable.
searching current memtable.
searching current memtable.
searching current memtable.
searching current memtable.
searching current memtable.
searching current memtable.
searching current memtable.
searching current memtable.
searching current memtable.
searching current memtable.
searching current memtable.
searching current memtable.
searching current memtable.
searching current memtable.
searching current memtable.
searching current memtable.
searching current memtable.
searching current memtable.
searching current memtable.
searching current memtable.
searching current memtable.
searching current memtable.
searching current memtable.
searching current memtable.
searching current memtable.
searching current memtable.
searching current memtable.
searching current memtable.
searching current memtable.
searching current memtable.
searching current memtable.
searching current memtable.
searching current memtable.
searching current memtable.
searching current memtable.
searching current memtable.
searching current memtable.
searching current memtable.
searching current memtable.
searching current memtable.
searching current memtable.
searching current memtable.
searching current memtable.
searching current memtable.
searching current memtable.
searching current memtable.
searching current memtable.
searching current memtable.
searching current memtable.
searching current memtable.
searching current memtable.
searching current memtable.
searching current memtable.
searching current memtable.
searching current memtable.
searching current memtable.
searching current memtable.
searching current memtable.
searching current memtable.
searching current memtable.
searching current memtable.
searching current memtable.
searching current memtable.
searching current memtable.
searching current memtable.
searching current memtable.
searching current memtable.
searching current memtable.
searching current memtable.
searching current memtable.
searching current memtable.
searching current memtable.
searching current memtable.
searching current memtable.
searching current memtable.
searching current memtable.
searching current memtable.
searching current memtable.
searching current memtable.
searching current memtable.
searching current memtable.
searching current memtable.
searching current memtable.
searching current memtable.
searching current memtable.
searching current memtable.
searching current memtable.
searching current memtable.
searching current memtable.
searching current memtable.
searching current memtable.
searching current memtable.
searching current memtable.
searching current memtable.
searching current memtable.
searching current memtable.
searching current memtable.
searching current memtable.
searching current memtable.
searching current memtable.
searching current memtable.
searching current memtable.
searching current memtable.
searching current memtable.
searching current memtable.
searching current memtable.
searching current memtable.
searching current memtable.
searching current memtable.
searching current memtable.
searching current memtable.
searching current memtable.
searching current memtable.
searching current memtable.
searching current memtable.
searching current memtable.
searching current memtable.
searching current memtable.
searching current memtable.
searching current memtable.
searching current memtable.
searching current memtable.
searching current memtable.
searching current memtable.
searching current memtable.
searching current memtable.
searching current memtable.
searching current memtable.
searching current memtable.
searching current memtable.
searching current memtable.
searching current memtable.
searching current memtable.
searching current memtable.
searching current memtable.
searching current memtable.
searching current memtable.
searching current memtable.
searching current memtable.
searching current memtable.
searching current memtable.
searching current memtable.
searching current memtable.
searching current memtable.
searching current memtable.
searching current memtable.
searching current memtable.
searching current memtable.
searching current memtable.
searching current memtable.
searching current memtable.
searching current memtable.
searching current memtable.
searching current memtable.
searching current memtable.
searching current memtable.
searching current memtable.
searching current memtable.
searching current memtable.
searching current memtable.
searching current memtable.
searching current memtable.
searching current memtable.
searching current memtable.
searching current memtable.
searching current memtable.
searching current memtable.
searching current memtable.
searching current memtable.
searching current memtable.
searching current memtable.
searching current memtable.
searching current memtable.
searching current memtable.
searching current memtable.
searching current memtable.
searching current memtable.
searching current memtable.
searching current memtable.
searching current memtable.
searching current memtable.
searching current memtable.
searching current memtable.
searching current memtable.
searching current memtable.
searching current memtable.
searching current memtable.
searching current memtable.
searching current memtable.
searching current memtable.
searching current memtable.
searching current memtable.
searching current memtable.
searching current memtable.
searching current memtable.
searching current memtable.
searching current memtable.
searching current memtable.
searching current memtable.
searching current memtable.
searching current memtable.
searching current memtable.
searching current memtable.
searching current memtable.
searching current memtable.
searching current memtable.
searching current memtable.
searching current memtable.
searching current memtable.
searching current memtable.
searching current memtable.
searching current memtable.
searching current memtable.
searching current memtable.
searching current memtable.
searching current memtable.
searching current memtable.
searching current memtable.
searching current memtable.
searching current memtable.
searching current memtable.
searching current memtable.
searching current memtable.
searching current memtable.
searching current memtable.
searching current memtable.
searching current memtable.
searching current memtable.
searching current memtable.
searching current memtable.
searching current memtable.
searching current memtable.
searching current memtable.
searching current memtable.
searching current memtable.
searching current memtable.
searching current memtable.
searching current memtable.
searching current memtable.
searching current memtable.
searching current memtable.
searching current memtable.
searching current memtable.
searching current memtable.
searching current memtable.
searching current memtable.
searching current memtable.
searching current memtable.
searching current memtable.
searching current memtable.
searching current memtable.
searching current memtable.
searching current memtable.
searching current memtable.
searching current memtable.
searching current memtable.
searching current memtable.
searching current memtable.
searching current memtable.
searching current memtable.
searching current memtable.
searching current memtable.
searching current memtable.
searching current memtable.
searching current memtable.
searching current memtable.
searching current memtable.
searching current memtable.
searching current memtable.
searching current memtable.
searching current memtable.
searching current memtable.
searching current memtable.
searching current memtable.
searching current memtable.
searching current memtable.
searching current memtable.
searching current memtable.
searching current memtable.
searching current memtable.
searching current memtable.
searching current memtable.
searching current memtable.
searching current memtable.
searching current memtable.
searching current memtable.
searching current memtable.
searching current memtable.
searching current memtable.
searching current memtable.
searching current memtable.
searching current memtable.
searching current memtable.
searching current memtable.
searching current memtable.
searching current memtable.
searching current memtable.
searching current memtable.
searching current memtable.
searching current memtable.
searching current memtable.
searching current memtable.
searching current memtable.
searching current memtable.
searching current memtable.
searching current memtable.
searching current memtable.
searching current memtable.
searching current memtable.
searching current memtable.
searching current memtable.
searching current memtable.
searching current memtable.
searching current memtable.
searching current memtable.
searching current memtable.
searching current memtable.
searching current memtable.
searching current memtable.
searching current memtable.
searching current memtable.
searching current memtable.
searching current memtable.
searching current memtable.
searching current memtable.
searching current memtable.
searching current memtable.
searching current memtable.
searching current memtable.
searching current memtable.
searching current memtable.
searching current memtable.
searching current memtable.
searching current memtable.
searching current memtable.
searching current memtable.
searching current memtable.
searching current memtable.
searching current memtable.
searching current memtable.
searching current memtable.
searching current memtable.
searching current memtable.
searching current memtable.
searching current memtable.
searching current memtable.
searching current memtable.
searching current memtable.
searching current memtable.
searching current memtable.
searching current memtable.
searching current memtable.
searching current memtable.
searching current memtable.
searching current memtable.
searching current memtable.
searching current memtable.
searching current memtable.
searching current memtable.
searching current memtable.
searching current memtable.
searching current memtable.
searching current memtable.
searching current memtable.
searching current memtable.
searching current memtable.
searching current memtable.
searching current memtable.
searching current memtable.
searching current memtable.
searching current memtable.
searching current memtable.
searching current memtable.
searching current memtable.
searching current memtable.
searching current memtable.
searching current memtable.
searching current memtable.
searching current memtable.
searching current memtable.
searching current memtable.
searching current memtable.
searching current memtable.
searching current memtable.
searching current memtable.
searching current memtable.
searching current memtable.
searching current memtable.
searching current memtable.
searching current memtable.
searching current memtable.
searching current memtable.
searching current memtable.
searching current memtable.
searching current memtable.
searching current memtable.
searching current memtable.
searching current memtable.
searching current memtable.
searching current memtable.
searching current memtable.
searching current memtable.
searching current memtable.
searching current memtable.
searching current memtable.
searching current memtable.
searching current memtable.
searching current memtable.
searching current memtable.
searching current memtable.
searching current memtable.
searching current memtable.
searching current memtable.
searching current memtable.
searching current memtable.
searching current memtable.
searching current memtable.
searching current memtable.
searching current memtable.
searching current memtable.
searching current memtable.
searching current memtable.
searching current memtable.
searching current memtable.
searching current memtable.
searching current memtable.
searching current memtable.
searching current memtable.
searching current memtable.
searching current memtable.
searching current memtable.
searching current memtable.
searching current memtable.
searching current memtable.
searching current memtable.
searching current memtable.
searching current memtable.
searching current memtable.
searching current memtable.
searching current memtable.
searching current memtable.
searching current memtable.
searching current memtable.
searching current memtable.
searching current memtable.
searching current memtable.
searching current memtable.
searching current memtable.
searching current memtable.
searching current memtable.
searching current memtable.
searching current memtable.
searching current memtable.
searching current memtable.
searching current memtable.
searching current memtable.
searching current memtable.
searching current memtable.
searching current memtable.
searching current memtable.
searching current memtable.
searching current memtable.
searching current memtable.
searching current memtable.
searching current memtable.
searching current memtable.
searching current memtable.
searching current memtable.
searching current memtable.
searching current memtable.
searching current memtable.
searching current memtable.
searching current memtable.
searching current memtable.
searching current memtable.
searching current memtable.
searching current memtable.
searching current memtable.
searching current memtable.
searching current memtable.
searching current memtable.
searching current memtable.
searching current memtable.
searching current memtable.
searching current memtable.
searching current memtable.
searching current memtable.
searching current memtable.
searching current memtable.
searching current memtable.
searching current memtable.
searching current memtable.
searching current memtable.
searching current memtable.
searching current memtable.
searching current memtable.
searching current memtable.
searching current memtable.
searching current memtable.
searching current memtable.
searching current memtable.
searching current memtable.
searching current memtable.
searching current memtable.
searching current memtable.
searching current memtable.
searching current memtable.
searching current memtable.
searching current memtable.
searching current memtable.
searching current memtable.
searching current memtable.
searching current memtable.
searching current memtable.
searching current memtable.
searching current memtable.
searching current memtable.
searching current memtable.
searching current memtable.
searching current memtable.
searching current memtable.
searching current memtable.
searching current memtable.
searching current memtable.
searching current memtable.
searching current memtable.
searching current memtable.
searching current memtable.
searching current memtable.
searching current memtable.
searching current memtable.
searching current memtable.
searching current memtable.
searching current memtable.
searching current memtable.
searching current memtable.
searching current memtable.
searching current memtable.
searching current memtable.
searching current memtable.
searching current memtable.
searching current memtable.
searching current memtable.
searching current memtable.
searching current memtable.
searching current memtable.
searching current memtable.
searching current memtable.
searching current memtable.
searching current memtable.
searching current memtable.
searching current memtable.
searching current memtable.
searching current memtable.
searching current memtable.
searching current memtable.
searching current memtable.
searching current memtable.
searching current memtable.
searching current memtable.
searching current memtable.
searching current memtable.
searching current memtable.
searching current memtable.
searching current memtable.
searching current memtable.
searching current memtable.
searching current memtable.
searching current memtable.
searching current memtable.
searching current memtable.
searching current memtable.
searching current memtable.
searching current memtable.
searching current memtable.
searching current memtable.
searching current memtable.
searching current memtable.
searching current memtable.
searching current memtable.
searching current memtable.
searching current memtable.
searching current memtable.
searching current memtable.
searching current memtable.
searching current memtable.
searching current memtable.
searching current memtable.
searching current memtable.
searching current memtable.
searching current memtable.
searching current memtable.
searching current memtable.
searching current memtable.
searching current memtable.
searching current memtable.
searching current memtable.
searching current memtable.
searching current memtable.
searching current memtable.
searching current memtable.
searching current memtable.
searching current memtable.
searching current memtable.
searching current memtable.
searching current memtable.
searching current memtable.
searching current memtable.
searching current memtable.
searching current memtable.
searching current memtable.
searching current memtable.
searching current memtable.
searching current memtable.
searching current memtable.
searching current memtable.
searching current memtable.
searching current memtable.
searching current memtable.
searching current memtable.
searching current memtable.
searching current memtable.
searching current memtable.
searching current memtable.
searching current memtable.
searching current memtable.
searching current memtable.
searching current memtable.
searching current memtable.
searching current memtable.
searching current memtable.
searching current memtable.
searching current memtable.
searching current memtable.
searching current memtable.
searching current memtable.
searching current memtable.
searching current memtable.
searching current memtable.
searching current memtable.
searching current memtable.
searching current memtable.
searching current memtable.
searching current memtable.
searching current memtable.
searching current memtable.
searching current memtable.
searching current memtable.
searching current memtable.
searching current memtable.
searching current memtable.
searching current memtable.
searching current memtable.
searching current memtable.
searching current memtable.
searching current memtable.
searching current memtable.
searching current memtable.
searching current memtable.
searching current memtable.
searching current memtable.
searching current memtable.
searching current memtable.
searching current memtable.
searching current memtable.
searching current memtable.
searching current memtable.
searching current memtable.
searching current memtable.
searching current memtable.
searching current memtable.
searching current memtable.
searching current memtable.
searching current memtable.
searching current memtable.
searching current memtable.
searching current memtable.
searching current memtable.
searching current memtable.
searching current memtable.
searching current memtable.
searching current memtable.
searching current memtable.
searching current memtable.
searching current memtable.
searching current memtable.
searching current memtable.
searching current memtable.
searching current memtable.
searching current memtable.
searching current memtable.
searching current memtable.
searching current memtable.
searching current memtable.
searching current memtable.
searching current memtable.
searching current memtable.
searching current memtable.
searching current memtable.
searching current memtable.
searching current memtable.
searching current memtable.
searching current memtable.
searching current memtable.
searching current memtable.
searching current memtable.
searching current memtable.
searching current memtable.
searching current memtable.
searching current memtable.
searching current memtable.
searching current memtable.
searching current memtable.
searching current memtable.
searching current memtable.
searching current memtable.
searching current memtable.
searching current memtable.
searching current memtable.
searching current memtable.
searching current memtable.
searching current memtable.
searching current memtable.
searching current memtable.
searching current memtable.
searching current memtable.
searching current memtable.
searching current memtable.
searching current memtable.
searching current memtable.
searching current memtable.
searching current memtable.
searching current memtable.
searching current memtable.
searching current memtable.
searching current memtable.
searching current memtable.
searching current memtable.
searching current memtable.
searching current memtable.
searching current memtable.
searching current memtable.
searching current memtable.
searching current memtable.
searching current memtable.
searching current memtable.
searching current memtable.
searching current memtable.
searching current memtable.
searching current memtable.
searching current memtable.
searching current memtable.
searching current memtable.
searching current memtable.
searching current memtable.
searching current memtable.
searching current memtable.
searching current memtable.
searching current memtable.
searching current memtable.
searching current memtable.
searching current memtable.
searching current memtable.
searching current memtable.
searching current memtable.
searching current memtable.
searching current memtable.
searching current memtable.
searching current memtable.
searching current memtable.
searching current memtable.
searching current memtable.
searching current memtable.
searching current memtable.
searching current memtable.
searching current memtable.
searching current memtable.
searching current memtable.
searching current memtable.
searching current memtable.
searching current memtable.
searching current memtable.
searching current memtable.
searching current memtable.
searching current memtable.
searching current memtable.
searching current memtable.
searching current memtable.
searching current memtable.
searching current memtable.
searching current memtable.
searching current memtable.
searching current memtable.
searching current memtable.
searching current memtable.
searching current memtable.
searching current memtable.
searching current memtable.
searching current memtable.
searching current memtable.
searching current memtable.
searching current memtable.
searching current memtable.
searching current memtable.
searching current memtable.
searching current memtable.
searching current memtable.
searching current memtable.
searching current memtable.
searching current memtable.
searching current memtable.
searching current memtable.
searching current memtable.
searching current memtable.
searching current memtable.
searching current memtable.
searching current memtable.
searching current memtable.
searching current memtable.
searching current memtable.
searching current memtable.
searching current memtable.
searching current memtable.
searching current memtable.
searching current memtable.
searching current memtable.
searching current memtable.
searching current memtable.
searching current memtable.
searching current memtable.
searching current memtable.
searching current memtable.
searching current memtable.
searching current memtable.
searching current memtable.
searching current memtable.
searching current memtable.
searching current memtable.
searching current memtable.
searching current memtable.
searching current memtable.
searching current memtable.
searching current memtable.
searching current memtable.
searching current memtable.
searching current memtable.
searching current memtable.
searching current memtable.
searching current memtable.
searching current memtable.
searching current memtable.
searching current memtable.
searching current memtable.
searching current memtable.
searching current memtable.
searching current memtable.
searching current memtable.
searching current memtable.
searching current memtable.
searching current memtable.
searching current memtable.
searching current memtable.
searching current memtable.
searching current memtable.
searching current memtable.
searching current memtable.
searching current memtable.
searching current memtable.
searching current memtable.
searching current memtable.
searching current memtable.
searching current memtable.
searching current memtable.
searching current memtable.
searching current memtable.
searching current memtable.
searching current memtable.
searching current memtable.
searching current memtable.
searching current memtable.
searching current memtable.
searching current memtable.
searching current memtable.
searching current memtable.
searching current memtable.
searching current memtable.
searching current memtable.
searching current memtable.
searching current memtable.
searching current memtable.
searching current memtable.
searching current memtable.
searching current memtable.
searching current memtable.
searching current memtable.
searching current memtable.
searching current memtable.
searching current memtable.
searching current memtable.
searching current memtable.
searching current memtable.
searching current memtable.
searching current memtable.
searching current memtable.
searching current memtable.
searching current memtable.
searching current memtable.
searching current memtable.
searching current memtable.
searching current memtable.
searching current memtable.
searching current memtable.
searching current memtable.
searching current memtable.
searching current memtable.
searching current memtable.
searching current memtable.
searching current memtable.
searching current memtable.
searching current memtable.
searching current memtable.
searching current memtable.
searching current memtable.
searching current memtable.
searching current memtable.
searching current memtable.
searching current memtable.
searching current memtable.
searching current memtable.
searching current memtable.
searching current memtable.
searching current memtable.
searching current memtable.
searching current memtable.
searching current memtable.
searching current memtable.
searching current memtable.
searching current memtable.
searching current memtable.
searching current memtable.
searching current memtable.
searching current memtable.
searching current memtable.
searching current memtable.
searching current memtable.
searching current memtable.
searching current memtable.
searching current memtable.
searching current memtable.
searching current memtable.
searching current memtable.
searching current memtable.
searching current memtable.
searching current memtable.
searching current memtable.
searching current memtable.
searching current memtable.
searching current memtable.
searching current memtable.
searching current memtable.
searching current memtable.
searching current memtable.
searching current memtable.
searching current memtable.
searching current memtable.
searching current memtable.
searching current memtable.
searching current memtable.
searching current memtable.
searching current memtable.
searching current memtable.
searching current memtable.
searching current memtable.
searching current memtable.
searching current memtable.
searching current memtable.
searching current memtable.
searching current memtable.
searching current memtable.
searching current memtable.
searching current memtable.
searching current memtable.
searching current memtable.
searching current memtable.
searching current memtable.
searching current memtable.
searching current memtable.
searching current memtable.
searching current memtable.
searching current memtable.
searching current memtable.
searching current memtable.
searching current memtable.
searching current memtable.
searching current memtable.
searching current memtable.
searching current memtable.
searching current memtable.
searching current memtable.
searching current memtable.
searching current memtable.
searching current memtable.
searching current memtable.
searching current memtable.
searching current memtable.
searching current memtable.
searching current memtable.
searching current memtable.
searching current memtable.
searching current memtable.
searching current memtable.
searching current memtable.
searching current memtable.
searching current memtable.
searching current memtable.
searching current memtable.
searching current memtable.
searching current memtable.
searching current memtable.
searching current memtable.
searching current memtable.
searching current memtable.
searching current memtable.
searching current memtable.
searching current memtable.
searching current memtable.
searching current memtable.
searching current memtable.
searching current memtable.
searching current memtable.
searching current memtable.
searching current memtable.
searching current memtable.
searching current memtable.
searching current memtable.
searching current memtable.
searching current memtable.
searching current memtable.
searching current memtable.
searching current memtable.
searching current memtable.
searching current memtable.
searching current memtable.
searching current memtable.
searching current memtable.
searching current memtable.
searching current memtable.
searching current memtable.
searching current memtable.
searching current memtable.
searching current memtable.
searching current memtable.
searching current memtable.
searching current memtable.
searching current memtable.
searching current memtable.
searching current memtable.
searching current memtable.
searching current memtable.
searching current memtable.
searching current memtable.
searching current memtable.
searching current memtable.
searching current memtable.
searching current memtable.
searching current memtable.
searching current memtable.
searching current memtable.
searching current memtable.
searching current memtable.
searching current memtable.
searching current memtable.
searching current memtable.
searching current memtable.
searching current memtable.
searching current memtable.
searching current memtable.
searching current memtable.
searching current memtable.
searching current memtable.
searching current memtable.
searching current memtable.
searching current memtable.
searching current memtable.
searching current memtable.
searching current memtable.
searching current memtable.
searching current memtable.
searching current memtable.
searching current memtable.
searching current memtable.
searching current memtable.
searching current memtable.
searching current memtable.
searching current memtable.
searching current memtable.
searching current memtable.
searching current memtable.
searching current memtable.
searching current memtable.
searching current memtable.
searching current memtable.
searching current memtable.
searching current memtable.
searching current memtable.
searching current memtable.
searching current memtable.
searching current memtable.
searching current memtable.
searching current memtable.
searching current memtable.
searching current memtable.
searching current memtable.
searching current memtable.
searching current memtable.
searching current memtable.
searching current memtable.
searching current memtable.
searching current memtable.
searching current memtable.
searching current memtable.
searching current memtable.
searching current memtable.
searching current memtable.
searching current memtable.
searching current memtable.
searching current memtable.
searching current memtable.
searching current memtable.
searching current memtable.
searching current memtable.
searching current memtable.
searching current memtable.
searching current memtable.
searching current memtable.
searching current memtable.
searching current memtable.
searching current memtable.
searching current memtable.
searching current memtable.
searching current memtable.
searching current memtable.
searching current memtable.
searching current memtable.
searching current memtable.
searching current memtable.
searching current memtable.
searching current memtable.
searching current memtable.
searching current memtable.
searching current memtable.
searching current memtable.
searching current memtable.
searching current memtable.
searching current memtable.
searching current memtable.
searching current memtable.
searching current memtable.
searching current memtable.
searching current memtable.
searching current memtable.
searching current memtable.
searching current memtable.
searching current memtable.
searching current memtable.
searching current memtable.
searching current memtable.
searching current memtable.
searching current memtable.
searching current memtable.
searching current memtable.
searching current memtable.
searching current memtable.
searching current memtable.
searching current memtable.
searching current memtable.
searching current memtable.
searching current memtable.
searching current memtable.
searching current memtable.
searching current memtable.
searching current memtable.
searching current memtable.
searching current memtable.
searching current memtable.
searching current memtable.
searching current memtable.
searching current memtable.
searching current memtable.
searching current memtable.
searching current memtable.
searching current memtable.
searching current memtable.
searching current memtable.
searching current memtable.
searching current memtable.
searching current memtable.
searching current memtable.
searching current memtable.
searching current memtable.
searching current memtable.
searching current memtable.
searching current memtable.
searching current memtable.
searching current memtable.
searching current memtable.
searching current memtable.
searching current memtable.
searching current memtable.
searching current memtable.
searching current memtable.
searching current memtable.
searching current memtable.
searching current memtable.
searching current memtable.
searching current memtable.
searching current memtable.
searching current memtable.
searching current memtable.
searching current memtable.
searching current memtable.
searching current memtable.
searching current memtable.
searching current memtable.
searching current memtable.
searching current memtable.
searching current memtable.
searching current memtable.
searching current memtable.
searching current memtable.
searching current memtable.
searching current memtable.
searching current memtable.
searching current memtable.
searching current memtable.
searching current memtable.
searching current memtable.
searching current memtable.
searching current memtable.
searching current memtable.
searching current memtable.
searching current memtable.
searching current memtable.
searching current memtable.
searching current memtable.
searching current memtable.
searching current memtable.
[...]
reading from sstables.
searching current memtable.
searching older memtables.
reading from sstables.
searching current memtable.
searching older memtables.
reading from sstables.
searching current memtable.
searching older memtables.
reading from sstables.
searching current memtable.
searching older memtables.
reading from sstables.
searching current memtable.
searching older memtables.
reading from sstables.
searching current memtable.
searching older memtables.
reading from sstables.
searching current memtable.
searching older memtables.
reading from sstables.
searching current memtable.
searching older memtables.
reading from sstables.
searching current memtable.
searching older memtables.
reading from sstables.
searching current memtable.
searching older memtables.
reading from sstables.
searching current memtable.
searching older memtables.
reading from sstables.
searching current memtable.
searching older memtables.
reading from sstables.
searching current memtable.
searching older memtables.
reading from sstables.
searching current memtable.
searching older memtables.
reading from sstables.
searching current memtable.
searching older memtables.
reading from sstables.
searching current memtable.
searching older memtables.
reading from sstables.
searching current memtable.
searching older memtables.
reading from sstables.
searching current memtable.
searching older memtables.
reading from sstables.
searching current memtable.
searching older memtables.
reading from sstables.
searching current memtable.
searching older memtables.
reading from sstables.
searching current memtable.
searching older memtables.
reading from sstables.
searching current memtable.
searching older memtables.
reading from sstables.
searching current memtable.
searching older memtables.
reading from sstables.
searching current memtable.
searching older memtables.
reading from sstables.
searching current memtable.
searching older memtables.
reading from sstables.
searching current memtable.
searching older memtables.
reading from sstables.
searching current memtable.
searching older memtables.
reading from sstables.
searching current memtable.
searching older memtables.
reading from sstables.
searching current memtable.
searching older memtables.
reading from sstables.
searching current memtable.
searching older memtables.
reading from sstables.
searching current memtable.
searching older memtables.
reading from sstables.
searching current memtable.
searching older memtables.
reading from sstables.
searching current memtable.
searching older memtables.
reading from sstables.
searching current memtable.
searching older memtables.
reading from sstables.
searching current memtable.
searching older memtables.
reading from sstables.
searching current memtable.
searching older memtables.
reading from sstables.
searching current memtable.
searching older memtables.
reading from sstables.
searching current memtable.
searching older memtables.
reading from sstables.
searching current memtable.
searching older memtables.
reading from sstables.
searching current memtable.
searching older memtables.
reading from sstables.
searching current memtable.
searching older memtables.
reading from sstables.
searching current memtable.
searching older memtables.
reading from sstables.
searching current memtable.
searching older memtables.
reading from sstables.
searching current memtable.
searching older memtables.
reading from sstables.
searching current memtable.
searching older memtables.
reading from sstables.
searching current memtable.
searching older memtables.
reading from sstables.
searching current memtable.
searching older memtables.
reading from sstables.
searching current memtable.
searching older memtables.
reading from sstables.
searching current memtable.
searching older memtables.
reading from sstables.
searching current memtable.
searching older memtables.
reading from sstables.
searching current memtable.
searching older memtables.
reading from sstables.
searching current memtable.
searching older memtables.
reading from sstables.
searching current memtable.
searching older memtables.
reading from sstables.
searching current memtable.
searching older memtables.
reading from sstables.
searching current memtable.
searching older memtables.
reading from sstables.
searching current memtable.
searching older memtables.
reading from sstables.
searching current memtable.
searching older memtables.
reading from sstables.
searching current memtable.
searching older memtables.
reading from sstables.
searching current memtable.
searching older memtables.
reading from sstables.
searching current memtable.
searching older memtables.
reading from sstables.
searching current memtable.
searching older memtables.
reading from sstables.
searching current memtable.
searching older memtables.
reading from sstables.
searching current memtable.
searching older memtables.
reading from sstables.
searching current memtable.
searching older memtables.
reading from sstables.
searching current memtable.
searching older memtables.
reading from sstables.
searching current memtable.
searching older memtables.
reading from sstables.
searching current memtable.
searching older memtables.
reading from sstables.
searching current memtable.
searching older memtables.
reading from sstables.
searching current memtable.
searching older memtables.
reading from sstables.
searching current memtable.
searching older memtables.
reading from sstables.
searching current memtable.
searching older memtables.
reading from sstables.
searching current memtable.
searching older memtables.
reading from sstables.
searching current memtable.
searching older memtables.
reading from sstables.
searching current memtable.
searching older memtables.
reading from sstables.
searching current memtable.
searching older memtables.
reading from sstables.
searching current memtable.
searching older memtables.
reading from sstables.
searching current memtable.
searching older memtables.
reading from sstables.
searching current memtable.
searching older memtables.
reading from sstables.
searching current memtable.
searching older memtables.
reading from sstables.
searching current memtable.
searching older memtables.
reading from sstables.
searching current memtable.
searching older memtables.
reading from sstables.
searching current memtable.
searching older memtables.
reading from sstables.
searching current memtable.
searching older memtables.
reading from sstables.
searching current memtable.
searching older memtables.
reading from sstables.
searching current memtable.
searching older memtables.
reading from sstables.
searching current memtable.
searching older memtables.
reading from sstables.
searching current memtable.
searching older memtables.
reading from sstables.
searching current memtable.
searching older memtables.
reading from sstables.
searching current memtable.
searching older memtables.
reading from sstables.
searching current memtable.
searching older memtables.
reading from sstables.
searching current memtable.
searching older memtables.
reading from sstables.
searching current memtable.
searching older memtables.
reading from sstables.
searching current memtable.
searching older memtables.
reading from sstables.
searching current memtable.
searching older memtables.
reading from sstables.
searching current memtable.
searching older memtables.
reading from sstables.
searching current memtable.
searching older memtables.
reading from sstables.
searching current memtable.
searching older memtables.
reading from sstables.
searching current memtable.
searching older memtables.
reading from sstables.
searching current memtable.
searching older memtables.
reading from sstables.
searching current memtable.
searching older memtables.
reading from sstables.
searching current memtable.
searching older memtables.
reading from sstables.
searching current memtable.
searching older memtables.
reading from sstables.
searching current memtable.
searching older memtables.
reading from sstables.
searching current memtable.
searching older memtables.
reading from sstables.
searching current memtable.
searching older memtables.
reading from sstables.
searching current memtable.
searching older memtables.
reading from sstables.
searching current memtable.
searching older memtables.
reading from sstables.
searching current memtable.
searching older memtables.
reading from sstables.
searching current memtable.
searching older memtables.
reading from sstables.
searching current memtable.
searching older memtables.
reading from sstables.
searching current memtable.
searching older memtables.
reading from sstables.
searching current memtable.
searching older memtables.
reading from sstables.
searching current memtable.
searching older memtables.
reading from sstables.
searching current memtable.
searching older memtables.
reading from sstables.
searching current memtable.
searching older memtables.
reading from sstables.
searching current memtable.
searching older memtables.
reading from sstables.
searching current memtable.
searching older memtables.
reading from sstables.
searching current memtable.
searching older memtables.
reading from sstables.
searching current memtable.
searching older memtables.
reading from sstables.
searching current memtable.
searching older memtables.
reading from sstables.
searching current memtable.
searching older memtables.
reading from sstables.
searching current memtable.
searching older memtables.
reading from sstables.
searching current memtable.
searching older memtables.
reading from sstables.
searching current memtable.
searching older memtables.
reading from sstables.
searching current memtable.
searching older memtables.
reading from sstables.
searching current memtable.
searching older memtables.
reading from sstables.
searching current memtable.
searching older memtables.
reading from sstables.
searching current memtable.
searching older memtables.
reading from sstables.
searching current memtable.
searching older memtables.
reading from sstables.
searching current memtable.
searching older memtables.
reading from sstables.
searching current memtable.
searching older memtables.
reading from sstables.
searching current memtable.
searching older memtables.
reading from sstables.
searching current memtable.
searching older memtables.
reading from sstables.
searching current memtable.
searching older memtables.
reading from sstables.
searching current memtable.
searching older memtables.
reading from sstables.
searching current memtable.
searching older memtables.
reading from sstables.
searching current memtable.
searching older memtables.
reading from sstables.
searching current memtable.
searching older memtables.
reading from sstables.
searching current memtable.
searching older memtables.
reading from sstables.
searching current memtable.
searching older memtables.
reading from sstables.
searching current memtable.
searching older memtables.
reading from sstables.
searching current memtable.
searching older memtables.
reading from sstables.
searching current memtable.
searching older memtables.
reading from sstables.
searching current memtable.
searching older memtables.
reading from sstables.
searching current memtable.
searching older memtables.
reading from sstables.
searching current memtable.
searching older memtables.
reading from sstables.
searching current memtable.
searching older memtables.
reading from sstables.
searching current memtable.
searching older memtables.
reading from sstables.
searching current memtable.
searching older memtables.
reading from sstables.
searching current memtable.
searching older memtables.
reading from sstables.
searching current memtable.
searching older memtables.
reading from sstables.
searching current memtable.
searching older memtables.
reading from sstables.
searching current memtable.
searching older memtables.
reading from sstables.
searching current memtable.
searching older memtables.
reading from sstables.
searching current memtable.
searching older memtables.
reading from sstables.
searching current memtable.
searching older memtables.
reading from sstables.
searching current memtable.
searching older memtables.
reading from sstables.
searching current memtable.
searching older memtables.
reading from sstables.
searching current memtable.
searching older memtables.
reading from sstables.
searching current memtable.
searching older memtables.
reading from sstables.
searching current memtable.
searching older memtables.
reading from sstables.
searching current memtable.
searching older memtables.
reading from sstables.
searching current memtable.
searching older memtables.
reading from sstables.
searching current memtable.
searching older memtables.
reading from sstables.
searching current memtable.
searching older memtables.
reading from sstables.
searching current memtable.
searching older memtables.
reading from sstables.
searching current memtable.
searching older memtables.
reading from sstables.
searching current memtable.
searching older memtables.
reading from sstables.
searching current memtable.
searching older memtables.
reading from sstables.
searching current memtable.
searching older memtables.
reading from sstables.
searching current memtable.
searching older memtables.
reading from sstables.
searching current memtable.
searching older memtables.
reading from sstables.
searching current memtable.
searching older memtables.
reading from sstables.
searching current memtable.
searching older memtables.
reading from sstables.
searching current memtable.
searching older memtables.
reading from sstables.
searching current memtable.
searching older memtables.
reading from sstables.
searching current memtable.
searching older memtables.
reading from sstables.
searching current memtable.
searching older memtables.
reading from sstables.
searching current memtable.
searching older memtables.
reading from sstables.
searching current memtable.
searching older memtables.
reading from sstables.
searching current memtable.
searching older memtables.
reading from sstables.
searching current memtable.
searching older memtables.
reading from sstables.
searching current memtable.
searching older memtables.
reading from sstables.
searching current memtable.
searching older memtables.
reading from sstables.
searching current memtable.
searching older memtables.
reading from sstables.
searching current memtable.
searching older memtables.
reading from sstables.
searching current memtable.
searching older memtables.
reading from sstables.
searching current memtable.
searching older memtables.
reading from sstables.
searching current memtable.
searching older memtables.
reading from sstables.
searching current memtable.
searching older memtables.
reading from sstables.
searching current memtable.
searching older memtables.
reading from sstables.
searching current memtable.
searching older memtables.
reading from sstables.
searching current memtable.
searching older memtables.
reading from sstables.
searching current memtable.
searching older memtables.
reading from sstables.
searching current memtable.
searching older memtables.
reading from sstables.
searching current memtable.
searching older memtables.
reading from sstables.
searching current memtable.
searching older memtables.
reading from sstables.
searching current memtable.
searching older memtables.
reading from sstables.
searching current memtable.
searching older memtables.
reading from sstables.
searching current memtable.
searching older memtables.
reading from sstables.
searching current memtable.
searching older memtables.
reading from sstables.
searching current memtable.
searching older memtables.
reading from sstables.
searching current memtable.
searching older memtables.
reading from sstables.
searching current memtable.
searching older memtables.
reading from sstables.
searching current memtable.
searching older memtables.
reading from sstables.
[       OK ] KaruTest.MemtableFlush (16 ms)
[----------] 1 test from KaruTest (16 ms total)

[----------] Global test environment tear-down
[==========] 1 test from 1 test suite ran. (16 ms total)
[  PASSED  ] 1 test.
<end of output>
Test time =   0.02 sec
----------------------------------------------------------
Test Passed.
"KaruTest.MemtableFlush" end time: Feb 14 21:13 EET
"KaruTest.MemtableFlush" time elapsed: 00:00:00
----------------------------------------------------------

8/10 Testing: EncoderTest.HintHeader
8/10 Test: EncoderTest.HintHeader
Command: "/home/eemil/dev/karu/build/karu" "--gtest_filter=EncoderTest.HintHeader" "--gtest_also_run_disabled_tests"
Directory: /home/eemil/dev/karu/build
"EncoderTest.HintHeader" start time: Feb 14 21:13 EET
Output:
----------------------------------------------------------
Running main() from /home/eemil/dev/karu/build/_deps/googletest-src/googletest/src/gtest_main.cc
Note: Google Test filter = EncoderTest.HintHeader
[==========] Running 1 test from 1 test suite.
[----------] Global test environment set-up.
[----------] 1 test from EncoderTest
[ RUN      ] EncoderTest.HintHeader
[       OK ] EncoderTest.HintHeader (0 ms)
[----------] 1 test from EncoderTest (0 ms total)

[----------] Global test environment tear-down
[==========] 1 test from 1 test suite ran. (0 ms total)
[  PASSED  ] 1 test.
<end of output>
Test time =   0.00 sec
----------------------------------------------------------
Test Passed.
"EncoderTest.HintHeader" end time: Feb 14 21:13 EET
"EncoderTest.HintHeader" time elapsed: 00:00:00
----------------------------------------------------------

9/10 Testing: EncoderTest.EntryHeader
9/10 Test: EncoderTest.EntryHeader
Command: "/home/eemil/dev/karu/build/karu" "--gtest_filter=EncoderTest.EntryHeader" "--gtest_also_run_disabled_tests"
Directory: /home/eemil/dev/karu/build
"EncoderTest.EntryHeader" start time: Feb 14 21:13 EET
Output:
----------------------------------------------------------
Running main() from /home/eemil/dev/karu/build/_deps/googletest-src/googletest/src/gtest_main.cc
Note: Google Test filter = EncoderTest.EntryHeader
[==========] Running 1 test from 1 test suite.
[----------] Global test environment set-up.
[----------] 1 test from EncoderTest
[ RUN      ] EncoderTest.EntryHeader
[       OK ] EncoderTest.EntryHeader (0 ms)
[----------] 1 test from EncoderTest (0 ms total)

[----------] Global test environment tear-down
[==========] 1 test from 1 test suite ran. (0 ms total)
[  PASSED  ] 1 test.
<end of output>
Test time =   0.00 sec
----------------------------------------------------------
Test Passed.
"EncoderTest.EntryHeader" end time: Feb 14 21:13 EET
"EncoderTest.EntryHeader" time elapsed: 00:00:00
----------------------------------------------------------

10/10 Testing: BloomFilterTest.Main
10/10 Test: BloomFilterTest.Main
Command: "/home/eemil/dev/karu/build/karu" "--gtest_filter=BloomFilterTest.Main" "--gtest_also_run_disabled_tests"
Directory: /home/eemil/dev/karu/build
"BloomFilterTest.Main" start time: Feb 14 21:13 EET
Output:
----------------------------------------------------------
Running main() from /home/eemil/dev/karu/build/_deps/googletest-src/googletest/src/gtest_main.cc
Note: Google Test filter = BloomFilterTest.Main
[==========] Running 1 test from 1 test suite.
[----------] Global test environment set-up.
[----------] 1 test from BloomFilterTest
[ RUN      ] BloomFilterTest.Main
[       OK ] BloomFilterTest.Main (179 ms)
[----------] 1 test from BloomFilterTest (179 ms total)

[----------] Global test environment tear-down
[==========] 1 test from 1 test suite ran. (179 ms total)
[  PASSED  ] 1 test.
<end of output>
Test time =   0.18 sec
----------------------------------------------------------
Test Passed.
"BloomFilterTest.Main" end time: Feb 14 21:13 EET
"BloomFilterTest.Main" time elapsed: 00:00:00
----------------------------------------------------------

End testing: Feb 14 21:13 EET
