Start testing: Feb 14 00:04 EET
----------------------------------------------------------
1/10 Testing: MemtableTest.LogFileCreated
1/10 Test: MemtableTest.LogFileCreated
Command: "/home/eemil/dev/karu/build/karu" "--gtest_filter=MemtableTest.LogFileCreated" "--gtest_also_run_disabled_tests"
Directory: /home/eemil/dev/karu/build
"MemtableTest.LogFileCreated" start time: Feb 14 00:04 EET
Output:
----------------------------------------------------------
Running main() from /home/eemil/dev/karu/build/_deps/googletest-src/googletest/src/gtest_main.cc
Note: Google Test filter = MemtableTest.LogFileCreated
[==========] Running 1 test from 1 test suite.
[----------] Global test environment set-up.
[----------] 1 test from MemtableTest
[ RUN      ] MemtableTest.LogFileCreated
[       OK ] MemtableTest.LogFileCreated (0 ms)
[----------] 1 test from MemtableTest (0 ms total)

[----------] Global test environment tear-down
[==========] 1 test from 1 test suite ran. (0 ms total)
[  PASSED  ] 1 test.
<end of output>
Test time =   0.00 sec
----------------------------------------------------------
Test Passed.
"MemtableTest.LogFileCreated" end time: Feb 14 00:04 EET
"MemtableTest.LogFileCreated" time elapsed: 00:00:00
----------------------------------------------------------

2/10 Testing: MemtableTest.BasicOperations
2/10 Test: MemtableTest.BasicOperations
Command: "/home/eemil/dev/karu/build/karu" "--gtest_filter=MemtableTest.BasicOperations" "--gtest_also_run_disabled_tests"
Directory: /home/eemil/dev/karu/build
"MemtableTest.BasicOperations" start time: Feb 14 00:04 EET
Output:
----------------------------------------------------------
Running main() from /home/eemil/dev/karu/build/_deps/googletest-src/googletest/src/gtest_main.cc
Note: Google Test filter = MemtableTest.BasicOperations
[==========] Running 1 test from 1 test suite.
[----------] Global test environment set-up.
[----------] 1 test from MemtableTest
[ RUN      ] MemtableTest.BasicOperations
[       OK ] MemtableTest.BasicOperations (0 ms)
[----------] 1 test from MemtableTest (0 ms total)

[----------] Global test environment tear-down
[==========] 1 test from 1 test suite ran. (0 ms total)
[  PASSED  ] 1 test.
<end of output>
Test time =   0.00 sec
----------------------------------------------------------
Test Passed.
"MemtableTest.BasicOperations" end time: Feb 14 00:04 EET
"MemtableTest.BasicOperations" time elapsed: 00:00:00
----------------------------------------------------------

3/10 Testing: SSTableTest.TestBuildFromBTree
3/10 Test: SSTableTest.TestBuildFromBTree
Command: "/home/eemil/dev/karu/build/karu" "--gtest_filter=SSTableTest.TestBuildFromBTree" "--gtest_also_run_disabled_tests"
Directory: /home/eemil/dev/karu/build
"SSTableTest.TestBuildFromBTree" start time: Feb 14 00:04 EET
Output:
----------------------------------------------------------
Running main() from /home/eemil/dev/karu/build/_deps/googletest-src/googletest/src/gtest_main.cc
Note: Google Test filter = SSTableTest.TestBuildFromBTree
[==========] Running 1 test from 1 test suite.
[----------] Global test environment set-up.
[----------] 1 test from SSTableTest
[ RUN      ] SSTableTest.TestBuildFromBTree
written to offset: 0
written to offset: 14
written to offset: 26
written to offset: 46
written to offset: 106
written to offset: 166
[       OK ] SSTableTest.TestBuildFromBTree (1 ms)
[----------] 1 test from SSTableTest (1 ms total)

[----------] Global test environment tear-down
[==========] 1 test from 1 test suite ran. (1 ms total)
[  PASSED  ] 1 test.
<end of output>
Test time =   0.01 sec
----------------------------------------------------------
Test Passed.
"SSTableTest.TestBuildFromBTree" end time: Feb 14 00:04 EET
"SSTableTest.TestBuildFromBTree" time elapsed: 00:00:00
----------------------------------------------------------

4/10 Testing: SSTableTest.TestPopulateFromFile
4/10 Test: SSTableTest.TestPopulateFromFile
Command: "/home/eemil/dev/karu/build/karu" "--gtest_filter=SSTableTest.TestPopulateFromFile" "--gtest_also_run_disabled_tests"
Directory: /home/eemil/dev/karu/build
"SSTableTest.TestPopulateFromFile" start time: Feb 14 00:04 EET
Output:
----------------------------------------------------------
Running main() from /home/eemil/dev/karu/build/_deps/googletest-src/googletest/src/gtest_main.cc
Note: Google Test filter = SSTableTest.TestPopulateFromFile
[==========] Running 1 test from 1 test suite.
[----------] Global test environment set-up.
[----------] 1 test from SSTableTest
[ RUN      ] SSTableTest.TestPopulateFromFile
written to offset: 0
written to offset: 14
written to offset: 26
written to offset: 46
written to offset: 106
written to offset: 166

[       OK ] SSTableTest.TestPopulateFromFile (0 ms)
[----------] 1 test from SSTableTest (0 ms total)

[----------] Global test environment tear-down
[==========] 1 test from 1 test suite ran. (0 ms total)
[  PASSED  ] 1 test.
<end of output>
Test time =   0.01 sec
----------------------------------------------------------
Test Passed.
"SSTableTest.TestPopulateFromFile" end time: Feb 14 00:04 EET
"SSTableTest.TestPopulateFromFile" time elapsed: 00:00:00
----------------------------------------------------------

5/10 Testing: KaruTest.BasicOperations
5/10 Test: KaruTest.BasicOperations
Command: "/home/eemil/dev/karu/build/karu" "--gtest_filter=KaruTest.BasicOperations" "--gtest_also_run_disabled_tests"
Directory: /home/eemil/dev/karu/build
"KaruTest.BasicOperations" start time: Feb 14 00:04 EET
Output:
----------------------------------------------------------
Running main() from /home/eemil/dev/karu/build/_deps/googletest-src/googletest/src/gtest_main.cc
Note: Google Test filter = KaruTest.BasicOperations
[==========] Running 1 test from 1 test suite.
[----------] Global test environment set-up.
[----------] 1 test from KaruTest
[ RUN      ] KaruTest.BasicOperations
[       OK ] KaruTest.BasicOperations (0 ms)
[----------] 1 test from KaruTest (0 ms total)

[----------] Global test environment tear-down
[==========] 1 test from 1 test suite ran. (0 ms total)
[  PASSED  ] 1 test.
<end of output>
Test time =   0.00 sec
----------------------------------------------------------
Test Passed.
"KaruTest.BasicOperations" end time: Feb 14 00:04 EET
"KaruTest.BasicOperations" time elapsed: 00:00:00
----------------------------------------------------------

6/10 Testing: KaruTest.LotsOfPairs
6/10 Test: KaruTest.LotsOfPairs
Command: "/home/eemil/dev/karu/build/karu" "--gtest_filter=KaruTest.LotsOfPairs" "--gtest_also_run_disabled_tests"
Directory: /home/eemil/dev/karu/build
"KaruTest.LotsOfPairs" start time: Feb 14 00:04 EET
Output:
----------------------------------------------------------
Running main() from /home/eemil/dev/karu/build/_deps/googletest-src/googletest/src/gtest_main.cc
Note: Google Test filter = KaruTest.LotsOfPairs
[==========] Running 1 test from 1 test suite.
[----------] Global test environment set-up.
[----------] 1 test from KaruTest
[ RUN      ] KaruTest.LotsOfPairs
[       OK ] KaruTest.LotsOfPairs (255 ms)
[----------] 1 test from KaruTest (255 ms total)

[----------] Global test environment tear-down
[==========] 1 test from 1 test suite ran. (256 ms total)
[  PASSED  ] 1 test.
<end of output>
Test time =   0.26 sec
----------------------------------------------------------
Test Passed.
"KaruTest.LotsOfPairs" end time: Feb 14 00:04 EET
"KaruTest.LotsOfPairs" time elapsed: 00:00:00
----------------------------------------------------------

7/10 Testing: KaruTest.MemtableFlush
7/10 Test: KaruTest.MemtableFlush
Command: "/home/eemil/dev/karu/build/karu" "--gtest_filter=KaruTest.MemtableFlush" "--gtest_also_run_disabled_tests"
Directory: /home/eemil/dev/karu/build
"KaruTest.MemtableFlush" start time: Feb 14 00:04 EET
Output:
----------------------------------------------------------
Running main() from /home/eemil/dev/karu/build/_deps/googletest-src/googletest/src/gtest_main.cc
Note: Google Test filter = KaruTest.MemtableFlush
[==========] Running 1 test from 1 test suite.
[----------] Global test environment set-up.
[----------] 1 test from KaruTest
[ RUN      ] KaruTest.MemtableFlush
created a new memtable.
added old memtable to queue.
created sstable
written to offset: 0
written to offset: 24
written to offset: 48
written to offset: 72
written to offset: 96
written to offset: 120
written to offset: 144
written to offset: 168
written to offset: 192
written to offset: 216
written to offset: 240
written to offset: 264
written to offset: 288
written to offset: 312
written to offset: 336
written to offset: 360
written to offset: 384
written to offset: 408
written to offset: 432
written to offset: 456
written to offset: 480
written to offset: 504
written to offset: 528
written to offset: 552
written to offset: 576
written to offset: 600
written to offset: 624
written to offset: 648
written to offset: 672
written to offset: 696
written to offset: 720
written to offset: 744
written to offset: 768
written to offset: 792
written to offset: 816
written to offset: 840
written to offset: 864
written to offset: 888
written to offset: 912
written to offset: 936
written to offset: 960
written to offset: 984
written to offset: 1008
written to offset: 1032
written to offset: 1056
written to offset: 1080
written to offset: 1104
written to offset: 1128
written to offset: 1152
written to offset: 1176
written to offset: 1200
written to offset: 1224
written to offset: 1248
written to offset: 1272
written to offset: 1296
written to offset: 1320
written to offset: 1344
written to offset: 1368
written to offset: 1392
written to offset: 1416
written to offset: 1440
written to offset: 1464
written to offset: 1488
written to offset: 1512
written to offset: 1536
written to offset: 1560
written to offset: 1584
written to offset: 1608
written to offset: 1632
written to offset: 1656
written to offset: 1680
written to offset: 1704
written to offset: 1728
written to offset: 1752
written to offset: 1776
written to offset: 1800
written to offset: 1824
written to offset: 1848
written to offset: 1872
written to offset: 1896
written to offset: 1920
written to offset: 1944
written to offset: 1968
written to offset: 1992
written to offset: 2016
written to offset: 2040
written to offset: 2064
written to offset: 2088
written to offset: 2112
written to offset: 2136
written to offset: 2160
written to offset: 2184
written to offset: 2208
written to offset: 2232
written to offset: 2256
written to offset: 2280
written to offset: 2304
written to offset: 2328
written to offset: 2352
written to offset: 2376
written to offset: 2400
written to offset: 2424
written to offset: 2448
written to offset: 2472
written to offset: 2496
written to offset: 2520
written to offset: 2544
written to offset: 2568
written to offset: 2592
written to offset: 2616
written to offset: 2640
written to offset: 2664
written to offset: 2688
written to offset: 2712
written to offset: 2736
written to offset: 2760
written to offset: 2784
written to offset: 2808
written to offset: 2832
written to offset: 2856
written to offset: 2880
written to offset: 2904
written to offset: 2928
written to offset: 2952
written to offset: 2976
written to offset: 3000
written to offset: 3024
written to offset: 3048
written to offset: 3072
written to offset: 3096
written to offset: 3120
written to offset: 3144
written to offset: 3168
written to offset: 3192
written to offset: 3216
written to offset: 3240
written to offset: 3264
written to offset: 3288
written to offset: 3312
written to offset: 3336
written to offset: 3360
written to offset: 3384
written to offset: 3408
written to offset: 3432
written to offset: 3456
written to offset: 3480
written to offset: 3504
written to offset: 3528
written to offset: 3552
written to offset: 3576
written to offset: 3600
written to offset: 3624
written to offset: 3648
written to offset: 3672
written to offset: 3696
written to offset: 3720
written to offset: 3744
written to offset: 3768
written to offset: 3792
written to offset: 3816
written to offset: 3840
written to offset: 3864
written to offset: 3888
written to offset: 3912
written to offset: 3936
written to offset: 3960
written to offset: 3984
written to offset: 4008
written to offset: 4032
written to offset: 4056
written to offset: 4080
written to offset: 4104
written to offset: 4128
written to offset: 4152
written to offset: 4176
written to offset: 4200
written to offset: 4224
written to offset: 4248
written to offset: 4272
written to offset: 4296
written to offset: 4320
written to offset: 4344
written to offset: 4368
written to offset: 4392
written to offset: 4416
written to offset: 4440
written to offset: 4464
written to offset: 4488
written to offset: 4512
written to offset: 4536
written to offset: 4560
written to offset: 4584
written to offset: 4608
written to offset: 4632
written to offset: 4656
written to offset: 4680
written to offset: 4704
written to offset: 4728
written to offset: 4752
written to offset: 4776
written to offset: 4800
written to offset: 4824
written to offset: 4848
written to offset: 4872
written to offset: 4896
written to offset: 4920
written to offset: 4944
written to offset: 4968
written to offset: 4992
written to offset: 5016
written to offset: 5040
written to offset: 5064
written to offset: 5088
written to offset: 5112
written to offset: 5136
written to offset: 5160
written to offset: 5184
written to offset: 5208
written to offset: 5232
written to offset: 5256
written to offset: 5280
written to offset: 5304
written to offset: 5328
written to offset: 5352
written to offset: 5376
written to offset: 5400
written to offset: 5424
written to offset: 5448
written to offset: 5472
written to offset: 5496
written to offset: 5520
written to offset: 5544
written to offset: 5568
written to offset: 5592
written to offset: 5616
written to offset: 5640
written to offset: 5664
written to offset: 5688
written to offset: 5712
written to offset: 5736
written to offset: 5760
written to offset: 5784
written to offset: 5808
written to offset: 5832
written to offset: 5856
written to offset: 5880
written to offset: 5904
written to offset: 5928
written to offset: 5952
written to offset: 5976
written to offset: 6000
written to offset: 6024
written to offset: 6048
written to offset: 6072
written to offset: 6096
written to offset: 6120
written to offset: 6144
written to offset: 6168
written to offset: 6192
written to offset: 6216
written to offset: 6240
written to offset: 6264
written to offset: 6288
written to offset: 6312
written to offset: 6336
written to offset: 6360
written to offset: 6384
written to offset: 6408
written to offset: 6432
written to offset: 6456
written to offset: 6480
written to offset: 6504
written to offset: 6528
written to offset: 6552
written to offset: 6576
written to offset: 6600
written to offset: 6624
written to offset: 6648
written to offset: 6672
written to offset: 6696
written to offset: 6720
written to offset: 6744
written to offset: 6768
written to offset: 6792
written to offset: 6816
written to offset: 6840
written to offset: 6864
written to offset: 6888
written to offset: 6912
written to offset: 6936
written to offset: 6960
written to offset: 6984
written to offset: 7008
written to offset: 7032
written to offset: 7056
written to offset: 7080
written to offset: 7104
written to offset: 7128
written to offset: 7152
written to offset: 7176
written to offset: 7200
written to offset: 7224
written to offset: 7248
written to offset: 7272
written to offset: 7296
written to offset: 7320
written to offset: 7344
written to offset: 7368
written to offset: 7392
written to offset: 7416
written to offset: 7440
written to offset: 7464
written to offset: 7488
written to offset: 7512
written to offset: 7536
written to offset: 7560
written to offset: 7584
written to offset: 7608
written to offset: 7632
written to offset: 7656
written to offset: 7680
written to offset: 7704
written to offset: 7728
written to offset: 7752
written to offset: 7776
written to offset: 7800
written to offset: 7824
written to offset: 7848
written to offset: 7872
written to offset: 7896
written to offset: 7920
written to offset: 7944
written to offset: 7968
written to offset: 7992
written to offset: 8016
written to offset: 8040
written to offset: 8064
written to offset: 8088
written to offset: 8112
written to offset: 8136
written to offset: 8160
written to offset: 8184
written to offset: 8208
written to offset: 8232
written to offset: 8256
written to offset: 8280
written to offset: 8304
written to offset: 8328
written to offset: 8352
written to offset: 8376
written to offset: 8400
written to offset: 8424
written to offset: 8448
written to offset: 8472
written to offset: 8496
written to offset: 8520
written to offset: 8544
written to offset: 8568
written to offset: 8592
written to offset: 8616
written to offset: 8640
written to offset: 8664
written to offset: 8688
written to offset: 8712
written to offset: 8736
written to offset: 8760
written to offset: 8784
written to offset: 8808
written to offset: 8832
written to offset: 8856
written to offset: 8880
written to offset: 8904
written to offset: 8928
written to offset: 8952
written to offset: 8976
written to offset: 9000
written to offset: 9024
written to offset: 9048
written to offset: 9072
written to offset: 9096
written to offset: 9120
written to offset: 9144
written to offset: 9168
written to offset: 9192
written to offset: 9216
written to offset: 9240
written to offset: 9264
written to offset: 9288
written to offset: 9312
written to offset: 9336
written to offset: 9360
written to offset: 9384
written to offset: 9408
written to offset: 9432
written to offset: 9456
written to offset: 9480
written to offset: 9504
written to offset: 9528
written to offset: 9552
written to offset: 9576
written to offset: 9600
written to offset: 9624
written to offset: 9648
written to offset: 9672
written to offset: 9696
written to offset: 9720
written to offset: 9744
written to offset: 9768
written to offset: 9792
written to offset: 9816
written to offset: 9840
written to offset: 9864
written to offset: 9888
written to offset: 9912
written to offset: 9936
written to offset: 9960
written to offset: 9984
written to offset: 10008
written to offset: 10032
written to offset: 10056
written to offset: 10080
written to offset: 10104
written to offset: 10128
written to offset: 10152
written to offset: 10176
written to offset: 10200
written to offset: 10224
written to offset: 10248
written to offset: 10272
written to offset: 10296
written to offset: 10320
written to offset: 10344
written to offset: 10368
written to offset: 10392
written to offset: 10416
written to offset: 10440
written to offset: 10464
written to offset: 10488
written to offset: 10512
written to offset: 10536
written to offset: 10560
written to offset: 10584
written to offset: 10608
written to offset: 10632
written to offset: 10656
written to offset: 10680
written to offset: 10704
written to offset: 10728
written to offset: 10752
written to offset: 10776
written to offset: 10800
written to offset: 10824
written to offset: 10848
written to offset: 10872
written to offset: 10896
written to offset: 10920
written to offset: 10944
written to offset: 10968
written to offset: 10992
written to offset: 11016
written to offset: 11040
written to offset: 11064
written to offset: 11088
written to offset: 11112
written to offset: 11136
written to offset: 11160
written to offset: 11184
written to offset: 11208
written to offset: 11232
written to offset: 11256
written to offset: 11280
written to offset: 11304
written to offset: 11328
written to offset: 11352
written to offset: 11376
written to offset: 11400
written to offset: 11424
written to offset: 11448
written to offset: 11472
written to offset: 11496
written to offset: 11520
written to offset: 11544
written to offset: 11568
written to offset: 11592
written to offset: 11616
written to offset: 11640
written to offset: 11664
written to offset: 11688
written to offset: 11712
written to offset: 11736
written to offset: 11760
written to offset: 11784
written to offset: 11808
written to offset: 11832
written to offset: 11856
written to offset: 11880
written to offset: 11904
written to offset: 11928
written to offset: 11952
written to offset: 11976
written to offset: 12000
written to offset: 12024
written to offset: 12048
written to offset: 12072
written to offset: 12096
written to offset: 12120
written to offset: 12144
written to offset: 12168
written to offset: 12192
written to offset: 12216
written to offset: 12240
written to offset: 12264
written to offset: 12288
written to offset: 12312
written to offset: 12336
written to offset: 12360
written to offset: 12384
written to offset: 12408
written to offset: 12432
written to offset: 12456
written to offset: 12480
written to offset: 12504
written to offset: 12528
written to offset: 12552
written to offset: 12576
written to offset: 12600
written to offset: 12624
written to offset: 12648
written to offset: 12672
written to offset: 12696
written to offset: 12720
written to offset: 12744
written to offset: 12768
written to offset: 12792
written to offset: 12816
written to offset: 12840
written to offset: 12864
written to offset: 12888
written to offset: 12912
written to offset: 12936
written to offset: 12960
written to offset: 12984
written to offset: 13008
written to offset: 13032
written to offset: 13056
written to offset: 13080
written to offset: 13104
written to offset: 13128
written to offset: 13152
written to offset: 13176
written to offset: 13200
written to offset: 13224
written to offset: 13248
written to offset: 13272
written to offset: 13296
written to offset: 13320
written to offset: 13344
written to offset: 13368
written to offset: 13392
written to offset: 13416
written to offset: 13440
written to offset: 13464
written to offset: 13488
written to offset: 13512
written to offset: 13536
written to offset: 13560
written to offset: 13584
written to offset: 13608
written to offset: 13632
written to offset: 13656
written to offset: 13680
written to offset: 13704
written to offset: 13728
written to offset: 13752
written to offset: 13776
written to offset: 13800
written to offset: 13824
written to offset: 13848
written to offset: 13872
written to offset: 13896
written to offset: 13920
written to offset: 13944
written to offset: 13968
written to offset: 13992
written to offset: 14016
written to offset: 14040
written to offset: 14064
written to offset: 14088
written to offset: 14112
written to offset: 14136
written to offset: 14160
written to offset: 14184
written to offset: 14208
written to offset: 14232
written to offset: 14256
written to offset: 14280
written to offset: 14304
written to offset: 14328
written to offset: 14352
written to offset: 14376
written to offset: 14400
written to offset: 14424
written to offset: 14448
written to offset: 14472
written to offset: 14496
written to offset: 14520
written to offset: 14544
written to offset: 14568
written to offset: 14592
written to offset: 14616
written to offset: 14640
written to offset: 14664
written to offset: 14688
written to offset: 14712
written to offset: 14736
written to offset: 14760
written to offset: 14784
written to offset: 14808
written to offset: 14832
written to offset: 14856
written to offset: 14880
written to offset: 14904
written to offset: 14928
written to offset: 14952
written to offset: 14976
written to offset: 15000
written to offset: 15024
written to offset: 15048
written to offset: 15072
written to offset: 15096
written to offset: 15120
written to offset: 15144
written to offset: 15168
written to offset: 15192
written to offset: 15216
written to offset: 15240
written to offset: 15264
written to offset: 15288
written to offset: 15312
written to offset: 15336
written to offset: 15360
written to offset: 15384
written to offset: 15408
written to offset: 15432
written to offset: 15456
written to offset: 15480
written to offset: 15504
written to offset: 15528
written to offset: 15552
written to offset: 15576
written to offset: 15600
written to offset: 15624
written to offset: 15648
written to offset: 15672
written to offset: 15696
written to offset: 15720
written to offset: 15744
written to offset: 15768
written to offset: 15792
written to offset: 15816
written to offset: 15840
written to offset: 15864
written to offset: 15888
written to offset: 15912
written to offset: 15936
written to offset: 15960
written to offset: 15984
written to offset: 16008
written to offset: 16032
written to offset: 16056
written to offset: 16080
written to offset: 16104
written to offset: 16128
written to offset: 16152
written to offset: 16176
written to offset: 16200
written to offset: 16224
written to offset: 16248
written to offset: 16272
written to offset: 16296
written to offset: 16320
written to offset: 16344
written to offset: 16368
written to offset: 16392
written to offset: 16416
written to offset: 16440
written to offset: 16464
written to offset: 16488
written to offset: 16512
written to offset: 16536
written to offset: 16560
written to offset: 16584
written to offset: 16608
written to offset: 16632
written to offset: 16656
written to offset: 16680
written to offset: 16704
written to offset: 16728
written to offset: 16752
written to offset: 16776
written to offset: 16800
written to offset: 16824
written to offset: 16848
written to offset: 16872
written to offset: 16896
written to offset: 16920
written to offset: 16944
written to offset: 16968
written to offset: 16992
written to offset: 17016
written to offset: 17040
written to offset: 17064
written to offset: 17088
written to offset: 17112
written to offset: 17136
written to offset: 17160
written to offset: 17184
written to offset: 17208
written to offset: 17232
written to offset: 17256
written to offset: 17280
written to offset: 17304
written to offset: 17328
written to offset: 17352
written to offset: 17376
written to offset: 17400
written to offset: 17424
written to offset: 17448
written to offset: 17472
written to offset: 17496
written to offset: 17520
written to offset: 17544
written to offset: 17568
written to offset: 17592
written to offset: 17616
written to offset: 17640
written to offset: 17664
written to offset: 17688
written to offset: 17712
written to offset: 17736
written to offset: 17760
written to offset: 17784
written to offset: 17808
written to offset: 17832
written to offset: 17856
written to offset: 17880
written to offset: 17904
written to offset: 17928
written to offset: 17952
written to offset: 17976
written to offset: 18000
written to offset: 18024
written to offset: 18048
written to offset: 18072
written to offset: 18096
written to offset: 18120
written to offset: 18144
written to offset: 18168
written to offset: 18192
written to offset: 18216
written to offset: 18240
written to offset: 18264
written to offset: 18288
written to offset: 18312
written to offset: 18336
written to offset: 18360
written to offset: 18384
written to offset: 18408
written to offset: 18432
written to offset: 18456
written to offset: 18480
written to offset: 18504
written to offset: 18528
written to offset: 18552
written to offset: 18576
written to offset: 18600
written to offset: 18624
written to offset: 18648
written to offset: 18672
written to offset: 18696
written to offset: 18720
written to offset: 18744
written to offset: 18768
written to offset: 18792
written to offset: 18816
written to offset: 18840
written to offset: 18864
written to offset: 18888
written to offset: 18912
written to offset: 18936
written to offset: 18960
written to offset: 18984
written to offset: 19008
written to offset: 19032
written to offset: 19056
written to offset: 19080
written to offset: 19104
written to offset: 19128
written to offset: 19152
written to offset: 19176
written to offset: 19200
written to offset: 19224
written to offset: 19248
written to offset: 19272
written to offset: 19296
written to offset: 19320
written to offset: 19344
written to offset: 19368
written to offset: 19392
written to offset: 19416
written to offset: 19440
written to offset: 19464
written to offset: 19488
written to offset: 19512
written to offset: 19536
written to offset: 19560
written to offset: 19584
written to offset: 19608
written to offset: 19632
written to offset: 19656
written to offset: 19680
written to offset: 19704
written to offset: 19728
written to offset: 19752
written to offset: 19776
written to offset: 19800
written to offset: 19824
written to offset: 19848
written to offset: 19872
written to offset: 19896
written to offset: 19920
written to offset: 19944
written to offset: 19968
written to offset: 19992
written to offset: 20016
written to offset: 20040
written to offset: 20064
written to offset: 20088
written to offset: 20112
written to offset: 20136
written to offset: 20160
written to offset: 20184
written to offset: 20208
written to offset: 20232
written to offset: 20256
written to offset: 20280
written to offset: 20304
written to offset: 20328
written to offset: 20352
written to offset: 20376
written to offset: 20400
written to offset: 20424
written to offset: 20448
written to offset: 20472
written to offset: 20496
written to offset: 20520
written to offset: 20544
written to offset: 20568
written to offset: 20592
written to offset: 20616
written to offset: 20640
written to offset: 20664
written to offset: 20688
written to offset: 20712
written to offset: 20736
written to offset: 20760
written to offset: 20784
written to offset: 20808
written to offset: 20832
written to offset: 20856
written to offset: 20880
written to offset: 20904
written to offset: 20928
written to offset: 20952
written to offset: 20976
written to offset: 21000
written to offset: 21024
written to offset: 21048
written to offset: 21072
written to offset: 21096
written to offset: 21120
written to offset: 21144
written to offset: 21168
written to offset: 21192
written to offset: 21216
written to offset: 21240
written to offset: 21264
written to offset: 21288
written to offset: 21312
written to offset: 21336
written to offset: 21360
written to offset: 21384
written to offset: 21408
written to offset: 21432
written to offset: 21456
written to offset: 21480
written to offset: 21504
written to offset: 21528
written to offset: 21552
written to offset: 21576
written to offset: 21600
written to offset: 21624
written to offset: 21648
written to offset: 21672
written to offset: 21696
written to offset: 21720
written to offset: 21744
written to offset: 21768
written to offset: 21792
written to offset: 21816
written to offset: 21840
written to offset: 21864
written to offset: 21888
written to offset: 21912
written to offset: 21936
written to offset: 21960
written to offset: 21984
written to offset: 22008
written to offset: 22032
written to offset: 22056
written to offset: 22080
written to offset: 22104
written to offset: 22128
written to offset: 22152
written to offset: 22176
written to offset: 22200
written to offset: 22224
written to offset: 22248
written to offset: 22272
written to offset: 22296
written to offset: 22320
written to offset: 22344
written to offset: 22368
written to offset: 22392
written to offset: 22416
written to offset: 22440
written to offset: 22464
written to offset: 22488
written to offset: 22512
written to offset: 22536
written to offset: 22560
written to offset: 22584
written to offset: 22608
written to offset: 22632
written to offset: 22656
written to offset: 22680
written to offset: 22704
written to offset: 22728
written to offset: 22752
written to offset: 22776
written to offset: 22800
written to offset: 22824
written to offset: 22848
written to offset: 22872
written to offset: 22896
written to offset: 22920
written to offset: 22944
written to offset: 22968
written to offset: 22992
written to offset: 23016
written to offset: 23040
written to offset: 23064
written to offset: 23088
written to offset: 23112
written to offset: 23136
written to offset: 23160
written to offset: 23184
written to offset: 23208
written to offset: 23232
written to offset: 23256
written to offset: 23280
written to offset: 23304
written to offset: 23328
written to offset: 23352
written to offset: 23376
written to offset: 23400
written to offset: 23424
written to offset: 23448
written to offset: 23472
written to offset: 23496
written to offset: 23520
written to offset: 23544
written to offset: 23568
written to offset: 23592
written to offset: 23616
written to offset: 23640
written to offset: 23664
written to offset: 23688
written to offset: 23712
written to offset: 23736
written to offset: 23760
written to offset: 23784
written to offset: 23808
written to offset: 23832
written to offset: 23856
written to offset: 23880
written to offset: 23904
written to offset: 23928
written to offset: 23952
written to offset: 23976
removed memtable[       OK ] KaruTest.MemtableFlush (18 ms)
[----------] 1 test from KaruTest (18 ms total)

[----------] Global test environment tear-down
[==========] 1 test from 1 test suite ran. (18 ms total)
[  PASSED  ] 1 test.
<end of output>
Test time =   0.02 sec
----------------------------------------------------------
Test Passed.
"KaruTest.MemtableFlush" end time: Feb 14 00:04 EET
"KaruTest.MemtableFlush" time elapsed: 00:00:00
----------------------------------------------------------

8/10 Testing: EncoderTest.HintHeader
8/10 Test: EncoderTest.HintHeader
Command: "/home/eemil/dev/karu/build/karu" "--gtest_filter=EncoderTest.HintHeader" "--gtest_also_run_disabled_tests"
Directory: /home/eemil/dev/karu/build
"EncoderTest.HintHeader" start time: Feb 14 00:04 EET
Output:
----------------------------------------------------------
Running main() from /home/eemil/dev/karu/build/_deps/googletest-src/googletest/src/gtest_main.cc
Note: Google Test filter = EncoderTest.HintHeader
[==========] Running 1 test from 1 test suite.
[----------] Global test environment set-up.
[----------] 1 test from EncoderTest
[ RUN      ] EncoderTest.HintHeader
[       OK ] EncoderTest.HintHeader (0 ms)
[----------] 1 test from EncoderTest (0 ms total)

[----------] Global test environment tear-down
[==========] 1 test from 1 test suite ran. (0 ms total)
[  PASSED  ] 1 test.
<end of output>
Test time =   0.00 sec
----------------------------------------------------------
Test Passed.
"EncoderTest.HintHeader" end time: Feb 14 00:04 EET
"EncoderTest.HintHeader" time elapsed: 00:00:00
----------------------------------------------------------

9/10 Testing: EncoderTest.EntryHeader
9/10 Test: EncoderTest.EntryHeader
Command: "/home/eemil/dev/karu/build/karu" "--gtest_filter=EncoderTest.EntryHeader" "--gtest_also_run_disabled_tests"
Directory: /home/eemil/dev/karu/build
"EncoderTest.EntryHeader" start time: Feb 14 00:04 EET
Output:
----------------------------------------------------------
Running main() from /home/eemil/dev/karu/build/_deps/googletest-src/googletest/src/gtest_main.cc
Note: Google Test filter = EncoderTest.EntryHeader
[==========] Running 1 test from 1 test suite.
[----------] Global test environment set-up.
[----------] 1 test from EncoderTest
[ RUN      ] EncoderTest.EntryHeader
[       OK ] EncoderTest.EntryHeader (0 ms)
[----------] 1 test from EncoderTest (0 ms total)

[----------] Global test environment tear-down
[==========] 1 test from 1 test suite ran. (0 ms total)
[  PASSED  ] 1 test.
<end of output>
Test time =   0.00 sec
----------------------------------------------------------
Test Passed.
"EncoderTest.EntryHeader" end time: Feb 14 00:04 EET
"EncoderTest.EntryHeader" time elapsed: 00:00:00
----------------------------------------------------------

10/10 Testing: BloomFilterTest.Main
10/10 Test: BloomFilterTest.Main
Command: "/home/eemil/dev/karu/build/karu" "--gtest_filter=BloomFilterTest.Main" "--gtest_also_run_disabled_tests"
Directory: /home/eemil/dev/karu/build
"BloomFilterTest.Main" start time: Feb 14 00:04 EET
Output:
----------------------------------------------------------
Running main() from /home/eemil/dev/karu/build/_deps/googletest-src/googletest/src/gtest_main.cc
Note: Google Test filter = BloomFilterTest.Main
[==========] Running 1 test from 1 test suite.
[----------] Global test environment set-up.
[----------] 1 test from BloomFilterTest
[ RUN      ] BloomFilterTest.Main
[       OK ] BloomFilterTest.Main (181 ms)
[----------] 1 test from BloomFilterTest (181 ms total)

[----------] Global test environment tear-down
[==========] 1 test from 1 test suite ran. (181 ms total)
[  PASSED  ] 1 test.
<end of output>
Test time =   0.18 sec
----------------------------------------------------------
Test Passed.
"BloomFilterTest.Main" end time: Feb 14 00:04 EET
"BloomFilterTest.Main" time elapsed: 00:00:00
----------------------------------------------------------

End testing: Feb 14 00:04 EET
